{"/home/travis/build/npmtest/node-npmtest-node-lifx/test.js":{"path":"/home/travis/build/npmtest/node-npmtest-node-lifx/test.js","s":{"1":2,"2":2,"3":2,"4":2,"5":2,"6":2,"7":2,"8":1,"9":2,"10":2,"11":1,"12":1,"13":1,"14":1,"15":2,"16":2,"17":2,"18":2,"19":1,"20":1,"21":2,"22":2,"23":2,"24":1,"25":1,"26":1,"27":1,"28":1,"29":1,"30":1,"31":1,"32":1,"33":1,"34":1,"35":1,"36":1,"37":2,"38":2,"39":1,"40":2,"41":2,"42":1,"43":2,"44":2,"45":1,"46":2,"47":2,"48":1,"49":1,"50":1,"51":1,"52":1},"b":{"1":[2,1,1,1],"2":[1,1,1,1],"3":[1,1],"4":[1,1],"5":[1,1],"6":[1,1],"7":[1,1],"8":[1,1],"9":[1,1,1],"10":[1,1],"11":[1,1],"12":[1,1],"13":[1,1],"14":[1,1],"15":[1,1],"16":[1,1]},"f":{"1":2,"2":2,"3":2,"4":2,"5":2,"6":1,"7":1,"8":2,"9":2,"10":2,"11":2,"12":1},"fnMap":{"1":{"name":"(anonymous_1)","line":12,"loc":{"start":{"line":12,"column":1},"end":{"line":12,"column":13}}},"2":{"name":"(anonymous_2)","line":19,"loc":{"start":{"line":19,"column":5},"end":{"line":19,"column":17}}},"3":{"name":"(anonymous_3)","line":23,"loc":{"start":{"line":23,"column":24},"end":{"line":23,"column":36}}},"4":{"name":"(anonymous_4)","line":61,"loc":{"start":{"line":61,"column":5},"end":{"line":61,"column":17}}},"5":{"name":"(anonymous_5)","line":82,"loc":{"start":{"line":82,"column":5},"end":{"line":82,"column":17}}},"6":{"name":"(anonymous_6)","line":102,"loc":{"start":{"line":102,"column":83},"end":{"line":105,"column":10}},"skip":true},"7":{"name":"(anonymous_7)","line":113,"loc":{"start":{"line":113,"column":77},"end":{"line":116,"column":10}},"skip":true},"8":{"name":"(anonymous_8)","line":129,"loc":{"start":{"line":129,"column":12},"end":{"line":129,"column":40}},"skip":true},"9":{"name":"(anonymous_9)","line":137,"loc":{"start":{"line":137,"column":77},"end":{"line":140,"column":10}},"skip":true},"10":{"name":"(anonymous_10)","line":148,"loc":{"start":{"line":148,"column":83},"end":{"line":151,"column":10}},"skip":true},"11":{"name":"(anonymous_11)","line":159,"loc":{"start":{"line":159,"column":79},"end":{"line":162,"column":10}},"skip":true},"12":{"name":"(anonymous_12)","line":170,"loc":{"start":{"line":170,"column":75},"end":{"line":173,"column":10}},"skip":true}},"statementMap":{"1":{"start":{"line":12,"column":0},"end":{"line":185,"column":5}},"2":{"start":{"line":14,"column":4},"end":{"line":14,"column":14}},"3":{"start":{"line":19,"column":4},"end":{"line":56,"column":9}},"4":{"start":{"line":21,"column":8},"end":{"line":21,"column":19}},"5":{"start":{"line":23,"column":8},"end":{"line":35,"column":13}},"6":{"start":{"line":24,"column":12},"end":{"line":34,"column":13}},"7":{"start":{"line":25,"column":16},"end":{"line":28,"column":30}},"8":{"start":{"line":30,"column":16},"end":{"line":33,"column":27}},"9":{"start":{"line":37,"column":8},"end":{"line":39,"column":21}},"10":{"start":{"line":40,"column":8},"end":{"line":53,"column":9}},"11":{"start":{"line":43,"column":12},"end":{"line":46,"column":14}},"12":{"start":{"line":47,"column":12},"end":{"line":47,"column":18}},"13":{"start":{"line":50,"column":12},"end":{"line":51,"column":46}},"14":{"start":{"line":52,"column":12},"end":{"line":52,"column":18}},"15":{"start":{"line":55,"column":8},"end":{"line":55,"column":35}},"16":{"start":{"line":61,"column":4},"end":{"line":63,"column":9}},"17":{"start":{"line":62,"column":8},"end":{"line":62,"column":15}},"18":{"start":{"line":64,"column":4},"end":{"line":77,"column":5}},"19":{"start":{"line":70,"column":8},"end":{"line":70,"column":14}},"20":{"start":{"line":76,"column":8},"end":{"line":76,"column":14}},"21":{"start":{"line":82,"column":4},"end":{"line":84,"column":9}},"22":{"start":{"line":83,"column":8},"end":{"line":83,"column":15}},"23":{"start":{"line":85,"column":4},"end":{"line":184,"column":5}},"24":{"start":{"line":92,"column":8},"end":{"line":94,"column":63}},"25":{"start":{"line":95,"column":8},"end":{"line":95,"column":14}},"26":{"start":{"line":102,"column":8},"end":{"line":111,"column":10},"skip":true},"27":{"start":{"line":109,"column":12},"end":{"line":109,"column":55},"skip":true},"28":{"start":{"line":110,"column":12},"end":{"line":110,"column":48},"skip":true},"29":{"start":{"line":113,"column":8},"end":{"line":126,"column":10},"skip":true},"30":{"start":{"line":120,"column":12},"end":{"line":120,"column":76},"skip":true},"31":{"start":{"line":121,"column":12},"end":{"line":121,"column":73},"skip":true},"32":{"start":{"line":122,"column":12},"end":{"line":122,"column":74},"skip":true},"33":{"start":{"line":123,"column":12},"end":{"line":123,"column":79},"skip":true},"34":{"start":{"line":124,"column":12},"end":{"line":124,"column":25},"skip":true},"35":{"start":{"line":125,"column":12},"end":{"line":125,"column":45},"skip":true},"36":{"start":{"line":128,"column":8},"end":{"line":135,"column":14},"skip":true},"37":{"start":{"line":133,"column":16},"end":{"line":133,"column":29},"skip":true},"38":{"start":{"line":134,"column":16},"end":{"line":134,"column":55},"skip":true},"39":{"start":{"line":137,"column":8},"end":{"line":146,"column":10},"skip":true},"40":{"start":{"line":144,"column":12},"end":{"line":144,"column":25},"skip":true},"41":{"start":{"line":145,"column":12},"end":{"line":145,"column":45},"skip":true},"42":{"start":{"line":148,"column":8},"end":{"line":157,"column":10},"skip":true},"43":{"start":{"line":155,"column":12},"end":{"line":155,"column":25},"skip":true},"44":{"start":{"line":156,"column":12},"end":{"line":156,"column":48},"skip":true},"45":{"start":{"line":159,"column":8},"end":{"line":168,"column":10},"skip":true},"46":{"start":{"line":166,"column":12},"end":{"line":166,"column":25},"skip":true},"47":{"start":{"line":167,"column":12},"end":{"line":167,"column":46},"skip":true},"48":{"start":{"line":170,"column":8},"end":{"line":179,"column":10},"skip":true},"49":{"start":{"line":177,"column":12},"end":{"line":177,"column":94},"skip":true},"50":{"start":{"line":178,"column":12},"end":{"line":178,"column":48},"skip":true},"51":{"start":{"line":182,"column":8},"end":{"line":182,"column":35},"skip":true},"52":{"start":{"line":183,"column":8},"end":{"line":183,"column":14},"skip":true}},"branchMap":{"1":{"line":25,"type":"binary-expr","locations":[{"start":{"line":25,"column":23},"end":{"line":25,"column":62}},{"start":{"line":26,"column":20},"end":{"line":26,"column":70}},{"start":{"line":27,"column":20},"end":{"line":27,"column":71}},{"start":{"line":28,"column":20},"end":{"line":28,"column":29}}]},"2":{"line":30,"type":"binary-expr","locations":[{"start":{"line":30,"column":23},"end":{"line":30,"column":37}},{"start":{"line":31,"column":20},"end":{"line":31,"column":61}},{"start":{"line":32,"column":20},"end":{"line":32,"column":70}},{"start":{"line":33,"column":20},"end":{"line":33,"column":26}}]},"3":{"line":37,"type":"cond-expr","locations":[{"start":{"line":38,"column":14},"end":{"line":38,"column":20}},{"start":{"line":39,"column":14},"end":{"line":39,"column":20}}]},"4":{"line":40,"type":"switch","locations":[{"start":{"line":42,"column":8},"end":{"line":47,"column":18}},{"start":{"line":49,"column":8},"end":{"line":52,"column":18}}]},"5":{"line":44,"type":"binary-expr","locations":[{"start":{"line":44,"column":16},"end":{"line":44,"column":44}},{"start":{"line":44,"column":48},"end":{"line":44,"column":66}}]},"6":{"line":50,"type":"binary-expr","locations":[{"start":{"line":50,"column":21},"end":{"line":50,"column":49}},{"start":{"line":50,"column":53},"end":{"line":50,"column":72}}]},"7":{"line":64,"type":"switch","locations":[{"start":{"line":69,"column":4},"end":{"line":70,"column":14}},{"start":{"line":75,"column":4},"end":{"line":76,"column":14}}]},"8":{"line":85,"type":"switch","locations":[{"start":{"line":90,"column":4},"end":{"line":95,"column":14}},{"start":{"line":101,"column":4},"end":{"line":183,"column":14},"skip":true}]},"9":{"line":92,"type":"binary-expr","locations":[{"start":{"line":92,"column":18},"end":{"line":92,"column":32}},{"start":{"line":93,"column":12},"end":{"line":93,"column":53}},{"start":{"line":94,"column":12},"end":{"line":94,"column":61}}]},"10":{"line":102,"type":"binary-expr","locations":[{"start":{"line":102,"column":45},"end":{"line":102,"column":79},"skip":true},{"start":{"line":102,"column":83},"end":{"line":111,"column":9},"skip":true}]},"11":{"line":113,"type":"binary-expr","locations":[{"start":{"line":113,"column":42},"end":{"line":113,"column":73},"skip":true},{"start":{"line":113,"column":77},"end":{"line":126,"column":9},"skip":true}]},"12":{"line":128,"type":"binary-expr","locations":[{"start":{"line":128,"column":48},"end":{"line":128,"column":85},"skip":true},{"start":{"line":129,"column":12},"end":{"line":135,"column":13},"skip":true}]},"13":{"line":137,"type":"binary-expr","locations":[{"start":{"line":137,"column":42},"end":{"line":137,"column":73},"skip":true},{"start":{"line":137,"column":77},"end":{"line":146,"column":9},"skip":true}]},"14":{"line":148,"type":"binary-expr","locations":[{"start":{"line":148,"column":45},"end":{"line":148,"column":79},"skip":true},{"start":{"line":148,"column":83},"end":{"line":157,"column":9},"skip":true}]},"15":{"line":159,"type":"binary-expr","locations":[{"start":{"line":159,"column":43},"end":{"line":159,"column":75},"skip":true},{"start":{"line":159,"column":79},"end":{"line":168,"column":9},"skip":true}]},"16":{"line":170,"type":"binary-expr","locations":[{"start":{"line":170,"column":41},"end":{"line":170,"column":71},"skip":true},{"start":{"line":170,"column":75},"end":{"line":179,"column":9},"skip":true}]}},"code":["/* istanbul instrument in package npmtest_node_lifx */","/*jslint","    bitwise: true,","    browser: true,","    maxerr: 8,","    maxlen: 96,","    node: true,","    nomen: true,","    regexp: true,","    stupid: true","*/","(function () {","    'use strict';","    var local;","","","","    // run shared js-env code - pre-init","    (function () {","        // init local","        local = {};","        // init modeJs","        local.modeJs = (function () {","            try {","                return typeof navigator.userAgent === 'string' &&","                    typeof document.querySelector('body') === 'object' &&","                    typeof XMLHttpRequest.prototype.open === 'function' &&","                    'browser';","            } catch (errorCaughtBrowser) {","                return module.exports &&","                    typeof process.versions.node === 'string' &&","                    typeof require('http').createServer === 'function' &&","                    'node';","            }","        }());","        // init global","        local.global = local.modeJs === 'browser'","            ? window","            : global;","        switch (local.modeJs) {","        // re-init local from window.local","        case 'browser':","            local = local.global.utility2.objectSetDefault(","                local.global.utility2_rollup || local.global.local,","                local.global.utility2","            );","            break;","        // re-init local from example.js","        case 'node':","            local = (local.global.utility2_rollup || require('utility2'))","                .requireExampleJsFromReadme();","            break;","        }","        // export local","        local.global.local = local;","    }());","","","","    // run shared js-env code - function","    (function () {","        return;","    }());","    switch (local.modeJs) {","","","","    // run browser js-env code - function","    case 'browser':","        break;","","","","    // run node js-env code - function","    case 'node':","        break;","    }","","","","    // run shared js-env code - post-init","    (function () {","        return;","    }());","    switch (local.modeJs) {","","","","    // run browser js-env code - post-init","    case 'browser':","        // run tests","        local.nop(local.modeTest &&","            document.querySelector('#testRunButton1') &&","            document.querySelector('#testRunButton1').click());","        break;","","","","    // run node js-env code - post-init","    /* istanbul ignore next */","    case 'node':","        local.testCase_buildApidoc_default = local.testCase_buildApidoc_default || function (","            options,","            onError","        ) {","        /*","         * this function will test buildApidoc's default handling-behavior-behavior","         */","            options = { modulePathList: module.paths };","            local.buildApidoc(options, onError);","        };","","        local.testCase_buildApp_default = local.testCase_buildApp_default || function (","            options,","            onError","        ) {","        /*","         * this function will test buildApp's default handling-behavior-behavior","         */","            local.testCase_buildReadme_default(options, local.onErrorThrow);","            local.testCase_buildLib_default(options, local.onErrorThrow);","            local.testCase_buildTest_default(options, local.onErrorThrow);","            local.testCase_buildCustomOrg_default(options, local.onErrorThrow);","            options = [];","            local.buildApp(options, onError);","        };","","        local.testCase_buildCustomOrg_default = local.testCase_buildCustomOrg_default ||","            function (options, onError) {","            /*","             * this function will test buildCustomOrg's default handling-behavior","             */","                options = {};","                local.buildCustomOrg(options, onError);","            };","","        local.testCase_buildLib_default = local.testCase_buildLib_default || function (","            options,","            onError","        ) {","        /*","         * this function will test buildLib's default handling-behavior","         */","            options = {};","            local.buildLib(options, onError);","        };","","        local.testCase_buildReadme_default = local.testCase_buildReadme_default || function (","            options,","            onError","        ) {","        /*","         * this function will test buildReadme's default handling-behavior-behavior","         */","            options = {};","            local.buildReadme(options, onError);","        };","","        local.testCase_buildTest_default = local.testCase_buildTest_default || function (","            options,","            onError","        ) {","        /*","         * this function will test buildTest's default handling-behavior","         */","            options = {};","            local.buildTest(options, onError);","        };","","        local.testCase_webpage_default = local.testCase_webpage_default || function (","            options,","            onError","        ) {","        /*","         * this function will test webpage's default handling-behavior","         */","            options = { modeCoverageMerge: true, url: local.serverLocalHost + '?modeTest=1' };","            local.browserTest(options, onError);","        };","","        // run test-server","        local.testRunServer(local);","        break;","    }","}());",""],"l":{"12":2,"14":2,"19":2,"21":2,"23":2,"24":2,"25":2,"30":1,"37":2,"40":2,"43":1,"47":1,"50":1,"52":1,"55":2,"61":2,"62":2,"64":2,"70":1,"76":1,"82":2,"83":2,"85":2,"92":1,"95":1,"102":1,"109":1,"110":1,"113":1,"120":1,"121":1,"122":1,"123":1,"124":1,"125":1,"128":1,"133":2,"134":2,"137":1,"144":2,"145":2,"148":1,"155":2,"156":2,"159":1,"166":2,"167":2,"170":1,"177":1,"178":1,"182":1,"183":1}},"/home/travis/build/npmtest/node-npmtest-node-lifx/lib.npmtest_node_lifx.js":{"path":"/home/travis/build/npmtest/node-npmtest-node-lifx/lib.npmtest_node_lifx.js","s":{"1":2,"2":2,"3":2,"4":2,"5":2,"6":2,"7":2,"8":1,"9":2,"10":2,"11":2,"12":2,"13":1,"14":1,"15":1,"16":1},"b":{"1":[2,1,1,1],"2":[1,1,1,1],"3":[1,1],"4":[2,2],"5":[1,1]},"f":{"1":2,"2":2,"3":2},"fnMap":{"1":{"name":"(anonymous_1)","line":12,"loc":{"start":{"line":12,"column":1},"end":{"line":12,"column":13}}},"2":{"name":"(anonymous_2)","line":19,"loc":{"start":{"line":19,"column":5},"end":{"line":19,"column":17}}},"3":{"name":"(anonymous_3)","line":23,"loc":{"start":{"line":23,"column":24},"end":{"line":23,"column":36}}}},"statementMap":{"1":{"start":{"line":12,"column":0},"end":{"line":53,"column":5}},"2":{"start":{"line":14,"column":4},"end":{"line":14,"column":14}},"3":{"start":{"line":19,"column":4},"end":{"line":52,"column":9}},"4":{"start":{"line":21,"column":8},"end":{"line":21,"column":19}},"5":{"start":{"line":23,"column":8},"end":{"line":35,"column":13}},"6":{"start":{"line":24,"column":12},"end":{"line":34,"column":13}},"7":{"start":{"line":25,"column":16},"end":{"line":28,"column":30}},"8":{"start":{"line":30,"column":16},"end":{"line":33,"column":27}},"9":{"start":{"line":37,"column":8},"end":{"line":39,"column":21}},"10":{"start":{"line":41,"column":8},"end":{"line":41,"column":54}},"11":{"start":{"line":43,"column":8},"end":{"line":43,"column":54}},"12":{"start":{"line":45,"column":8},"end":{"line":51,"column":9}},"13":{"start":{"line":46,"column":12},"end":{"line":46,"column":60}},"14":{"start":{"line":48,"column":12},"end":{"line":48,"column":35}},"15":{"start":{"line":49,"column":12},"end":{"line":49,"column":49}},"16":{"start":{"line":50,"column":12},"end":{"line":50,"column":43}}},"branchMap":{"1":{"line":25,"type":"binary-expr","locations":[{"start":{"line":25,"column":23},"end":{"line":25,"column":62}},{"start":{"line":26,"column":20},"end":{"line":26,"column":70}},{"start":{"line":27,"column":20},"end":{"line":27,"column":71}},{"start":{"line":28,"column":20},"end":{"line":28,"column":29}}]},"2":{"line":30,"type":"binary-expr","locations":[{"start":{"line":30,"column":23},"end":{"line":30,"column":37}},{"start":{"line":31,"column":20},"end":{"line":31,"column":61}},{"start":{"line":32,"column":20},"end":{"line":32,"column":70}},{"start":{"line":33,"column":20},"end":{"line":33,"column":26}}]},"3":{"line":37,"type":"cond-expr","locations":[{"start":{"line":38,"column":14},"end":{"line":38,"column":20}},{"start":{"line":39,"column":14},"end":{"line":39,"column":20}}]},"4":{"line":41,"type":"binary-expr","locations":[{"start":{"line":41,"column":16},"end":{"line":41,"column":44}},{"start":{"line":41,"column":48},"end":{"line":41,"column":53}}]},"5":{"line":45,"type":"if","locations":[{"start":{"line":45,"column":8},"end":{"line":45,"column":8}},{"start":{"line":45,"column":8},"end":{"line":45,"column":8}}]}},"code":["/* istanbul instrument in package npmtest_node_lifx */","/*jslint","    bitwise: true,","    browser: true,","    maxerr: 8,","    maxlen: 96,","    node: true,","    nomen: true,","    regexp: true,","    stupid: true","*/","(function () {","    'use strict';","    var local;","","","","    // run shared js-env code - pre-init","    (function () {","        // init local","        local = {};","        // init modeJs","        local.modeJs = (function () {","            try {","                return typeof navigator.userAgent === 'string' &&","                    typeof document.querySelector('body') === 'object' &&","                    typeof XMLHttpRequest.prototype.open === 'function' &&","                    'browser';","            } catch (errorCaughtBrowser) {","                return module.exports &&","                    typeof process.versions.node === 'string' &&","                    typeof require('http').createServer === 'function' &&","                    'node';","            }","        }());","        // init global","        local.global = local.modeJs === 'browser'","            ? window","            : global;","        // init utility2_rollup","        local = local.global.utility2_rollup || local;","        // init lib","        local.local = local.npmtest_node_lifx = local;","        // init exports","        if (local.modeJs === 'browser') {","            local.global.utility2_npmtest_node_lifx = local;","        } else {","            module.exports = local;","            module.exports.__dirname = __dirname;","            module.exports.module = module;","        }","    }());","}());",""],"l":{"12":2,"14":2,"19":2,"21":2,"23":2,"24":2,"25":2,"30":1,"37":2,"41":2,"43":2,"45":2,"46":1,"48":1,"49":1,"50":1}},"/home/travis/build/npmtest/node-npmtest-node-lifx/example.js":{"path":"/home/travis/build/npmtest/node-npmtest-node-lifx/example.js","s":{"1":2,"2":2,"3":2,"4":2,"5":2,"6":2,"7":2,"8":1,"9":2,"10":2,"11":2,"12":2,"13":1,"14":2,"15":2,"16":2,"17":2,"18":2,"19":0,"20":2,"21":1,"22":1,"23":1,"24":1,"25":1,"26":0,"27":0,"28":1,"29":1,"30":2,"31":0,"32":0,"33":0,"34":1,"35":2,"36":2,"37":2,"38":2,"39":2,"40":2,"41":0,"42":2,"43":2,"44":2,"45":1,"46":3,"47":1,"48":1,"49":1,"50":1,"51":1,"52":1,"53":1,"54":1,"55":1,"56":1,"57":0,"58":1,"59":6,"60":6,"61":1,"62":2,"63":0,"64":2,"65":1,"66":1,"67":0,"68":0,"69":0,"70":0,"71":0,"72":0,"73":0,"74":0,"75":0,"76":0,"77":0,"78":0,"79":0,"80":0,"81":0,"82":0,"83":0},"b":{"1":[2,1,1,1],"2":[1,1,1,1],"3":[1,1],"4":[2,2],"5":[1,1],"6":[1,1],"7":[2,0],"8":[2,1,1,1,1,1],"9":[0,2,0],"10":[1,1],"11":[2,1,1],"12":[1,0],"13":[0,2],"14":[2,0,0,0,0,0,0],"15":[0,2],"16":[2,0],"17":[1,1],"18":[0,1],"19":[1,2,0,2],"20":[1,0],"21":[1,1],"22":[0,0],"23":[0,0],"24":[0,0],"25":[0,0],"26":[0,0],"27":[0,0],"28":[0,0]},"f":{"1":2,"2":2,"3":2,"4":2,"5":2,"6":2,"7":2,"8":2,"9":3,"10":1,"11":6,"12":0},"fnMap":{"1":{"name":"(anonymous_1)","line":26,"loc":{"start":{"line":26,"column":1},"end":{"line":26,"column":13}}},"2":{"name":"(anonymous_2)","line":33,"loc":{"start":{"line":33,"column":5},"end":{"line":33,"column":17}}},"3":{"name":"(anonymous_3)","line":37,"loc":{"start":{"line":37,"column":24},"end":{"line":37,"column":36}}},"4":{"name":"(anonymous_4)","line":69,"loc":{"start":{"line":69,"column":31},"end":{"line":69,"column":48}},"skip":true},"5":{"name":"(anonymous_5)","line":78,"loc":{"start":{"line":78,"column":26},"end":{"line":78,"column":45}},"skip":true},"6":{"name":"(anonymous_6)","line":123,"loc":{"start":{"line":123,"column":33},"end":{"line":123,"column":48}},"skip":true},"7":{"name":"(anonymous_7)","line":125,"loc":{"start":{"line":125,"column":27},"end":{"line":125,"column":39}},"skip":true},"8":{"name":"(anonymous_8)","line":133,"loc":{"start":{"line":133,"column":59},"end":{"line":133,"column":74}},"skip":true},"9":{"name":"(anonymous_9)","line":143,"loc":{"start":{"line":143,"column":45},"end":{"line":143,"column":62}},"skip":true},"10":{"name":"(anonymous_10)","line":144,"loc":{"start":{"line":144,"column":73},"end":{"line":144,"column":92}},"skip":true},"11":{"name":"(anonymous_11)","line":272,"loc":{"start":{"line":272,"column":51},"end":{"line":272,"column":77}},"skip":true},"12":{"name":"(anonymous_12)","line":314,"loc":{"start":{"line":314,"column":32},"end":{"line":314,"column":61}},"skip":true}},"statementMap":{"1":{"start":{"line":26,"column":0},"end":{"line":325,"column":5}},"2":{"start":{"line":28,"column":4},"end":{"line":28,"column":14}},"3":{"start":{"line":33,"column":4},"end":{"line":60,"column":9}},"4":{"start":{"line":35,"column":8},"end":{"line":35,"column":19}},"5":{"start":{"line":37,"column":8},"end":{"line":49,"column":13}},"6":{"start":{"line":38,"column":12},"end":{"line":48,"column":13}},"7":{"start":{"line":39,"column":16},"end":{"line":42,"column":30}},"8":{"start":{"line":44,"column":16},"end":{"line":47,"column":27}},"9":{"start":{"line":51,"column":8},"end":{"line":53,"column":21}},"10":{"start":{"line":55,"column":8},"end":{"line":57,"column":45}},"11":{"start":{"line":59,"column":8},"end":{"line":59,"column":35}},"12":{"start":{"line":61,"column":4},"end":{"line":324,"column":5}},"13":{"start":{"line":69,"column":8},"end":{"line":121,"column":10},"skip":true},"14":{"start":{"line":70,"column":12},"end":{"line":88,"column":13},"skip":true},"15":{"start":{"line":76,"column":16},"end":{"line":87,"column":19},"skip":true},"16":{"start":{"line":79,"column":20},"end":{"line":86,"column":21},"skip":true},"17":{"start":{"line":82,"column":24},"end":{"line":82,"column":43},"skip":true},"18":{"start":{"line":83,"column":24},"end":{"line":83,"column":30},"skip":true},"19":{"start":{"line":85,"column":24},"end":{"line":85,"column":49},"skip":true},"20":{"start":{"line":89,"column":12},"end":{"line":107,"column":13},"skip":true},"21":{"start":{"line":92,"column":16},"end":{"line":102,"column":17},"skip":true},"22":{"start":{"line":93,"column":20},"end":{"line":93,"column":86},"skip":true},"23":{"start":{"line":94,"column":20},"end":{"line":95,"column":45},"skip":true},"24":{"start":{"line":96,"column":20},"end":{"line":96,"column":42},"skip":true},"25":{"start":{"line":97,"column":20},"end":{"line":97,"column":48},"skip":true},"26":{"start":{"line":100,"column":20},"end":{"line":100,"column":85},"skip":true},"27":{"start":{"line":101,"column":20},"end":{"line":101,"column":96},"skip":true},"28":{"start":{"line":103,"column":16},"end":{"line":103,"column":22},"skip":true},"29":{"start":{"line":106,"column":16},"end":{"line":106,"column":22},"skip":true},"30":{"start":{"line":108,"column":12},"end":{"line":120,"column":13},"skip":true},"31":{"start":{"line":114,"column":16},"end":{"line":119,"column":17},"skip":true},"32":{"start":{"line":116,"column":20},"end":{"line":116,"column":78},"skip":true},"33":{"start":{"line":118,"column":20},"end":{"line":118,"column":47},"skip":true},"34":{"start":{"line":123,"column":8},"end":{"line":141,"column":11},"skip":true},"35":{"start":{"line":124,"column":12},"end":{"line":124,"column":54},"skip":true},"36":{"start":{"line":125,"column":12},"end":{"line":140,"column":14},"skip":true},"37":{"start":{"line":126,"column":16},"end":{"line":126,"column":28},"skip":true},"38":{"start":{"line":127,"column":16},"end":{"line":127,"column":69},"skip":true},"39":{"start":{"line":128,"column":16},"end":{"line":128,"column":75},"skip":true},"40":{"start":{"line":129,"column":16},"end":{"line":131,"column":17},"skip":true},"41":{"start":{"line":130,"column":20},"end":{"line":130,"column":27},"skip":true},"42":{"start":{"line":133,"column":16},"end":{"line":137,"column":36},"skip":true},"43":{"start":{"line":134,"column":20},"end":{"line":136,"column":55},"skip":true},"44":{"start":{"line":139,"column":16},"end":{"line":139,"column":57},"skip":true},"45":{"start":{"line":143,"column":8},"end":{"line":147,"column":11},"skip":true},"46":{"start":{"line":144,"column":12},"end":{"line":146,"column":15},"skip":true},"47":{"start":{"line":145,"column":16},"end":{"line":145,"column":70},"skip":true},"48":{"start":{"line":149,"column":8},"end":{"line":149,"column":31},"skip":true},"49":{"start":{"line":150,"column":8},"end":{"line":150,"column":14},"skip":true},"50":{"start":{"line":158,"column":8},"end":{"line":158,"column":31},"skip":true},"51":{"start":{"line":160,"column":8},"end":{"line":160,"column":33},"skip":true},"52":{"start":{"line":161,"column":8},"end":{"line":161,"column":37},"skip":true},"53":{"start":{"line":162,"column":8},"end":{"line":162,"column":35},"skip":true},"54":{"start":{"line":164,"column":8},"end":{"line":164,"column":50},"skip":true},"55":{"start":{"line":166,"column":8},"end":{"line":256,"column":2},"skip":true},"56":{"start":{"line":258,"column":8},"end":{"line":286,"column":9},"skip":true},"57":{"start":{"line":259,"column":12},"end":{"line":269,"column":14},"skip":true},"58":{"start":{"line":271,"column":12},"end":{"line":285,"column":19},"skip":true},"59":{"start":{"line":274,"column":20},"end":{"line":274,"column":35},"skip":true},"60":{"start":{"line":275,"column":20},"end":{"line":284,"column":21},"skip":true},"61":{"start":{"line":277,"column":24},"end":{"line":277,"column":64},"skip":true},"62":{"start":{"line":279,"column":24},"end":{"line":279,"column":40},"skip":true},"63":{"start":{"line":281,"column":24},"end":{"line":281,"column":40},"skip":true},"64":{"start":{"line":283,"column":24},"end":{"line":283,"column":39},"skip":true},"65":{"start":{"line":288,"column":8},"end":{"line":290,"column":9},"skip":true},"66":{"start":{"line":289,"column":12},"end":{"line":289,"column":18},"skip":true},"67":{"start":{"line":291,"column":8},"end":{"line":293,"column":54},"skip":true},"68":{"start":{"line":294,"column":8},"end":{"line":301,"column":37},"skip":true},"69":{"start":{"line":302,"column":8},"end":{"line":302,"column":82},"skip":true},"70":{"start":{"line":305,"column":8},"end":{"line":307,"column":9},"skip":true},"71":{"start":{"line":306,"column":12},"end":{"line":306,"column":82},"skip":true},"72":{"start":{"line":309,"column":8},"end":{"line":311,"column":9},"skip":true},"73":{"start":{"line":310,"column":12},"end":{"line":310,"column":18},"skip":true},"74":{"start":{"line":312,"column":8},"end":{"line":312,"column":54},"skip":true},"75":{"start":{"line":313,"column":8},"end":{"line":313,"column":69},"skip":true},"76":{"start":{"line":314,"column":8},"end":{"line":322,"column":36},"skip":true},"77":{"start":{"line":315,"column":12},"end":{"line":315,"column":61},"skip":true},"78":{"start":{"line":316,"column":12},"end":{"line":319,"column":13},"skip":true},"79":{"start":{"line":317,"column":16},"end":{"line":317,"column":75},"skip":true},"80":{"start":{"line":318,"column":16},"end":{"line":318,"column":23},"skip":true},"81":{"start":{"line":320,"column":12},"end":{"line":320,"column":38},"skip":true},"82":{"start":{"line":321,"column":12},"end":{"line":321,"column":27},"skip":true},"83":{"start":{"line":323,"column":8},"end":{"line":323,"column":14},"skip":true}},"branchMap":{"1":{"line":39,"type":"binary-expr","locations":[{"start":{"line":39,"column":23},"end":{"line":39,"column":62}},{"start":{"line":40,"column":20},"end":{"line":40,"column":70}},{"start":{"line":41,"column":20},"end":{"line":41,"column":71}},{"start":{"line":42,"column":20},"end":{"line":42,"column":29}}]},"2":{"line":44,"type":"binary-expr","locations":[{"start":{"line":44,"column":23},"end":{"line":44,"column":37}},{"start":{"line":45,"column":20},"end":{"line":45,"column":61}},{"start":{"line":46,"column":20},"end":{"line":46,"column":70}},{"start":{"line":47,"column":20},"end":{"line":47,"column":26}}]},"3":{"line":51,"type":"cond-expr","locations":[{"start":{"line":52,"column":14},"end":{"line":52,"column":20}},{"start":{"line":53,"column":14},"end":{"line":53,"column":20}}]},"4":{"line":55,"type":"binary-expr","locations":[{"start":{"line":55,"column":16},"end":{"line":55,"column":44}},{"start":{"line":55,"column":49},"end":{"line":57,"column":43}}]},"5":{"line":55,"type":"cond-expr","locations":[{"start":{"line":56,"column":14},"end":{"line":56,"column":53}},{"start":{"line":57,"column":14},"end":{"line":57,"column":43}}]},"6":{"line":61,"type":"switch","locations":[{"start":{"line":68,"column":4},"end":{"line":150,"column":14},"skip":true},{"start":{"line":156,"column":4},"end":{"line":323,"column":14},"skip":true}]},"7":{"line":70,"type":"if","locations":[{"start":{"line":70,"column":12},"end":{"line":70,"column":12},"skip":true},{"start":{"line":70,"column":12},"end":{"line":70,"column":12},"skip":true}]},"8":{"line":70,"type":"binary-expr","locations":[{"start":{"line":70,"column":16},"end":{"line":70,"column":22},"skip":true},{"start":{"line":70,"column":27},"end":{"line":70,"column":32},"skip":true},{"start":{"line":71,"column":20},"end":{"line":71,"column":39},"skip":true},{"start":{"line":72,"column":20},"end":{"line":72,"column":49},"skip":true},{"start":{"line":73,"column":20},"end":{"line":73,"column":58},"skip":true},{"start":{"line":74,"column":20},"end":{"line":74,"column":69},"skip":true}]},"9":{"line":79,"type":"switch","locations":[{"start":{"line":80,"column":20},"end":{"line":80,"column":33},"skip":true},{"start":{"line":81,"column":20},"end":{"line":83,"column":30},"skip":true},{"start":{"line":84,"column":20},"end":{"line":85,"column":49},"skip":true}]},"10":{"line":89,"type":"switch","locations":[{"start":{"line":90,"column":12},"end":{"line":103,"column":22},"skip":true},{"start":{"line":105,"column":12},"end":{"line":106,"column":22},"skip":true}]},"11":{"line":89,"type":"binary-expr","locations":[{"start":{"line":89,"column":20},"end":{"line":89,"column":25},"skip":true},{"start":{"line":89,"column":29},"end":{"line":89,"column":48},"skip":true},{"start":{"line":89,"column":52},"end":{"line":89,"column":74},"skip":true}]},"12":{"line":92,"type":"if","locations":[{"start":{"line":92,"column":16},"end":{"line":92,"column":16},"skip":true},{"start":{"line":92,"column":16},"end":{"line":92,"column":16},"skip":true}]},"13":{"line":108,"type":"if","locations":[{"start":{"line":108,"column":12},"end":{"line":108,"column":12},"skip":true},{"start":{"line":108,"column":12},"end":{"line":108,"column":12},"skip":true}]},"14":{"line":108,"type":"binary-expr","locations":[{"start":{"line":108,"column":16},"end":{"line":108,"column":61},"skip":true},{"start":{"line":108,"column":66},"end":{"line":108,"column":72},"skip":true},{"start":{"line":108,"column":77},"end":{"line":108,"column":82},"skip":true},{"start":{"line":109,"column":20},"end":{"line":109,"column":39},"skip":true},{"start":{"line":110,"column":20},"end":{"line":110,"column":49},"skip":true},{"start":{"line":111,"column":20},"end":{"line":111,"column":58},"skip":true},{"start":{"line":112,"column":20},"end":{"line":112,"column":68},"skip":true}]},"15":{"line":129,"type":"if","locations":[{"start":{"line":129,"column":16},"end":{"line":129,"column":16},"skip":true},{"start":{"line":129,"column":16},"end":{"line":129,"column":16},"skip":true}]},"16":{"line":134,"type":"cond-expr","locations":[{"start":{"line":135,"column":26},"end":{"line":135,"column":29},"skip":true},{"start":{"line":136,"column":26},"end":{"line":136,"column":54},"skip":true}]},"17":{"line":164,"type":"binary-expr","locations":[{"start":{"line":164,"column":27},"end":{"line":164,"column":43},"skip":true},{"start":{"line":164,"column":47},"end":{"line":164,"column":49},"skip":true}]},"18":{"line":258,"type":"if","locations":[{"start":{"line":258,"column":8},"end":{"line":258,"column":8},"skip":true},{"start":{"line":258,"column":8},"end":{"line":258,"column":8},"skip":true}]},"19":{"line":275,"type":"switch","locations":[{"start":{"line":276,"column":20},"end":{"line":277,"column":64},"skip":true},{"start":{"line":278,"column":20},"end":{"line":279,"column":40},"skip":true},{"start":{"line":280,"column":20},"end":{"line":281,"column":40},"skip":true},{"start":{"line":282,"column":20},"end":{"line":283,"column":39},"skip":true}]},"20":{"line":288,"type":"if","locations":[{"start":{"line":288,"column":8},"end":{"line":288,"column":8},"skip":true},{"start":{"line":288,"column":8},"end":{"line":288,"column":8},"skip":true}]},"21":{"line":288,"type":"binary-expr","locations":[{"start":{"line":288,"column":12},"end":{"line":288,"column":40},"skip":true},{"start":{"line":288,"column":44},"end":{"line":288,"column":67},"skip":true}]},"22":{"line":292,"type":"binary-expr","locations":[{"start":{"line":292,"column":12},"end":{"line":292,"column":50},"skip":true},{"start":{"line":293,"column":12},"end":{"line":293,"column":53},"skip":true}]},"23":{"line":295,"type":"binary-expr","locations":[{"start":{"line":295,"column":12},"end":{"line":295,"column":67},"skip":true},{"start":{"line":296,"column":12},"end":{"line":301,"column":36},"skip":true}]},"24":{"line":302,"type":"binary-expr","locations":[{"start":{"line":302,"column":43},"end":{"line":302,"column":75},"skip":true},{"start":{"line":302,"column":79},"end":{"line":302,"column":81},"skip":true}]},"25":{"line":305,"type":"if","locations":[{"start":{"line":305,"column":8},"end":{"line":305,"column":8},"skip":true},{"start":{"line":305,"column":8},"end":{"line":305,"column":8},"skip":true}]},"26":{"line":309,"type":"if","locations":[{"start":{"line":309,"column":8},"end":{"line":309,"column":8},"skip":true},{"start":{"line":309,"column":8},"end":{"line":309,"column":8},"skip":true}]},"27":{"line":312,"type":"binary-expr","locations":[{"start":{"line":312,"column":27},"end":{"line":312,"column":43},"skip":true},{"start":{"line":312,"column":47},"end":{"line":312,"column":53},"skip":true}]},"28":{"line":316,"type":"if","locations":[{"start":{"line":316,"column":12},"end":{"line":316,"column":12},"skip":true},{"start":{"line":316,"column":12},"end":{"line":316,"column":12},"skip":true}]}},"code":["/*","example.js","","quickstart example","","instruction","    1. save this script as example.js","    2. run the shell command:","        $ npm install npmtest-node-lifx && PORT=8081 node example.js","    3. play with the browser-demo on http://127.0.0.1:8081","*/","","","","/* istanbul instrument in package npmtest_node_lifx */","/*jslint","    bitwise: true,","    browser: true,","    maxerr: 8,","    maxlen: 96,","    node: true,","    nomen: true,","    regexp: true,","    stupid: true","*/","(function () {","    'use strict';","    var local;","","","","    // run shared js-env code - pre-init","    (function () {","        // init local","        local = {};","        // init modeJs","        local.modeJs = (function () {","            try {","                return typeof navigator.userAgent === 'string' &&","                    typeof document.querySelector('body') === 'object' &&","                    typeof XMLHttpRequest.prototype.open === 'function' &&","                    'browser';","            } catch (errorCaughtBrowser) {","                return module.exports &&","                    typeof process.versions.node === 'string' &&","                    typeof require('http').createServer === 'function' &&","                    'node';","            }","        }());","        // init global","        local.global = local.modeJs === 'browser'","            ? window","            : global;","        // init utility2_rollup","        local = local.global.utility2_rollup || (local.modeJs === 'browser'","            ? local.global.utility2_npmtest_node_lifx","            : global.utility2_moduleExports);","        // export local","        local.global.local = local;","    }());","    switch (local.modeJs) {","","","","    // post-init","    // run browser js-env code - post-init","    /* istanbul ignore next */","    case 'browser':","        local.testRunBrowser = function (event) {","            if (!event || (event &&","                    event.currentTarget &&","                    event.currentTarget.className &&","                    event.currentTarget.className.includes &&","                    event.currentTarget.className.includes('onreset'))) {","                // reset output","                Array.from(","                    document.querySelectorAll('body > .resettable')","                ).forEach(function (element) {","                    switch (element.tagName) {","                    case 'INPUT':","                    case 'TEXTAREA':","                        element.value = '';","                        break;","                    default:","                        element.textContent = '';","                    }","                });","            }","            switch (event && event.currentTarget && event.currentTarget.id) {","            case 'testRunButton1':","                // show tests","                if (document.querySelector('#testReportDiv1').style.display === 'none') {","                    document.querySelector('#testReportDiv1').style.display = 'block';","                    document.querySelector('#testRunButton1').textContent =","                        'hide internal test';","                    local.modeTest = true;","                    local.testRunDefault(local);","                // hide tests","                } else {","                    document.querySelector('#testReportDiv1').style.display = 'none';","                    document.querySelector('#testRunButton1').textContent = 'run internal test';","                }","                break;","            // custom-case","            default:","                break;","            }","            if (document.querySelector('#inputTextareaEval1') && (!event || (event &&","                    event.currentTarget &&","                    event.currentTarget.className &&","                    event.currentTarget.className.includes &&","                    event.currentTarget.className.includes('oneval')))) {","                // try to eval input-code","                try {","                    /*jslint evil: true*/","                    eval(document.querySelector('#inputTextareaEval1').value);","                } catch (errorCaught) {","                    console.error(errorCaught);","                }","            }","        };","        // log stderr and stdout to #outputTextareaStdout1","        ['error', 'log'].forEach(function (key) {","            console[key + '_original'] = console[key];","            console[key] = function () {","                var element;","                console[key + '_original'].apply(console, arguments);","                element = document.querySelector('#outputTextareaStdout1');","                if (!element) {","                    return;","                }","                // append text to #outputTextareaStdout1","                element.value += Array.from(arguments).map(function (arg) {","                    return typeof arg === 'string'","                        ? arg","                        : JSON.stringify(arg, null, 4);","                }).join(' ') + '\\n';","                // scroll textarea to bottom","                element.scrollTop = element.scrollHeight;","            };","        });","        // init event-handling","        ['change', 'click', 'keyup'].forEach(function (event) {","            Array.from(document.querySelectorAll('.on' + event)).forEach(function (element) {","                element.addEventListener(event, local.testRunBrowser);","            });","        });","        // run tests","        local.testRunBrowser();","        break;","","","","    // run node js-env code - post-init","    /* istanbul ignore next */","    case 'node':","        // export local","        module.exports = local;","        // require modules","        local.fs = require('fs');","        local.http = require('http');","        local.url = require('url');","        // init assets","        local.assetsDict = local.assetsDict || {};","        /* jslint-ignore-begin */","        local.assetsDict['/assets.index.template.html'] = '\\","<!doctype html>\\n\\","<html lang=\"en\">\\n\\","<head>\\n\\","<meta charset=\"UTF-8\">\\n\\","<meta name=\"viewport\" content=\"width=device-width, initial-scale=1\">\\n\\","<title>{{env.npm_package_name}} (v{{env.npm_package_version}})</title>\\n\\","<style>\\n\\","/*csslint\\n\\","    box-sizing: false,\\n\\","    universal-selector: false\\n\\","*/\\n\\","* {\\n\\","    box-sizing: border-box;\\n\\","}\\n\\","body {\\n\\","    background: #dde;\\n\\","    font-family: Arial, Helvetica, sans-serif;\\n\\","    margin: 2rem;\\n\\","}\\n\\","body > * {\\n\\","    margin-bottom: 1rem;\\n\\","}\\n\\",".utility2FooterDiv {\\n\\","    margin-top: 20px;\\n\\","    text-align: center;\\n\\","}\\n\\","</style>\\n\\","<style>\\n\\","/*csslint\\n\\","*/\\n\\","textarea {\\n\\","    font-family: monospace;\\n\\","    height: 10rem;\\n\\","    width: 100%;\\n\\","}\\n\\","textarea[readonly] {\\n\\","    background: #ddd;\\n\\","}\\n\\","</style>\\n\\","</head>\\n\\","<body>\\n\\","<!-- utility2-comment\\n\\","<div id=\"ajaxProgressDiv1\" style=\"background: #d00; height: 2px; left: 0; margin: 0; padding: 0; position: fixed; top: 0; transition: background 0.5s, width 1.5s; width: 25%;\"></div>\\n\\","utility2-comment -->\\n\\","<h1>\\n\\","<!-- utility2-comment\\n\\","    <a\\n\\","        {{#if env.npm_package_homepage}}\\n\\","        href=\"{{env.npm_package_homepage}}\"\\n\\","        {{/if env.npm_package_homepage}}\\n\\","        target=\"_blank\"\\n\\","    >\\n\\","utility2-comment -->\\n\\","        {{env.npm_package_name}} (v{{env.npm_package_version}})\\n\\","<!-- utility2-comment\\n\\","    </a>\\n\\","utility2-comment -->\\n\\","</h1>\\n\\","<h3>{{env.npm_package_description}}</h3>\\n\\","<!-- utility2-comment\\n\\","<h4><a download href=\"assets.app.js\">download standalone app</a></h4>\\n\\","<button class=\"onclick onreset\" id=\"testRunButton1\">run internal test</button><br>\\n\\","<div id=\"testReportDiv1\" style=\"display: none;\"></div>\\n\\","utility2-comment -->\\n\\","\\n\\","\\n\\","\\n\\","<label>stderr and stdout</label>\\n\\","<textarea class=\"resettable\" id=\"outputTextareaStdout1\" readonly></textarea>\\n\\","<!-- utility2-comment\\n\\","{{#if isRollup}}\\n\\","<script src=\"assets.app.js\"></script>\\n\\","{{#unless isRollup}}\\n\\","utility2-comment -->\\n\\","<script src=\"assets.utility2.rollup.js\"></script>\\n\\","<script src=\"jsonp.utility2._stateInit?callback=window.utility2._stateInit\"></script>\\n\\","<script src=\"assets.npmtest_node_lifx.rollup.js\"></script>\\n\\","<script src=\"assets.example.js\"></script>\\n\\","<script src=\"assets.test.js\"></script>\\n\\","<!-- utility2-comment\\n\\","{{/if isRollup}}\\n\\","utility2-comment -->\\n\\","<div class=\"utility2FooterDiv\">\\n\\","    [ this app was created with\\n\\","    <a href=\"https://github.com/kaizhu256/node-utility2\" target=\"_blank\">utility2</a>\\n\\","    ]\\n\\","</div>\\n\\","</body>\\n\\","</html>\\n\\","';","        /* jslint-ignore-end */","        if (local.templateRender) {","            local.assetsDict['/'] = local.templateRender(","                local.assetsDict['/assets.index.template.html'],","                {","                    env: local.objectSetDefault(local.env, {","                        npm_package_description: 'the greatest app in the world!',","                        npm_package_name: 'my-app',","                        npm_package_nameAlias: 'my_app',","                        npm_package_version: '0.0.1'","                    })","                }","            );","        } else {","            local.assetsDict['/'] = local.assetsDict['/assets.index.template.html']","                .replace((/\\{\\{env\\.(\\w+?)\\}\\}/g), function (match0, match1) {","                    // jslint-hack","                    String(match0);","                    switch (match1) {","                    case 'npm_package_description':","                        return 'the greatest app in the world!';","                    case 'npm_package_name':","                        return 'my-app';","                    case 'npm_package_nameAlias':","                        return 'my_app';","                    case 'npm_package_version':","                        return '0.0.1';","                    }","                });","        }","        // run the cli","        if (local.global.utility2_rollup || module !== require.main) {","            break;","        }","        local.assetsDict['/assets.example.js'] =","            local.assetsDict['/assets.example.js'] ||","            local.fs.readFileSync(__filename, 'utf8');","        local.assetsDict['/assets.npmtest_node_lifx.rollup.js'] =","            local.assetsDict['/assets.npmtest_node_lifx.rollup.js'] ||","            local.fs.readFileSync(","                // buildCustomOrg-hack","                local.npmtest_node_lifx.__dirname +","                    '/lib.npmtest_node_lifx.js',","                'utf8'","            ).replace((/^#!/), '//');","        local.assetsDict['/favicon.ico'] = local.assetsDict['/favicon.ico'] || '';","        // if $npm_config_timeout_exit exists,","        // then exit this process after $npm_config_timeout_exit ms","        if (Number(process.env.npm_config_timeout_exit)) {","            setTimeout(process.exit, Number(process.env.npm_config_timeout_exit));","        }","        // start server","        if (local.global.utility2_serverHttp1) {","            break;","        }","        process.env.PORT = process.env.PORT || '8081';","        console.error('server starting on port ' + process.env.PORT);","        local.http.createServer(function (request, response) {","            request.urlParsed = local.url.parse(request.url);","            if (local.assetsDict[request.urlParsed.pathname] !== undefined) {","                response.end(local.assetsDict[request.urlParsed.pathname]);","                return;","            }","            response.statusCode = 404;","            response.end();","        }).listen(process.env.PORT);","        break;","    }","}());",""],"l":{"26":2,"28":2,"33":2,"35":2,"37":2,"38":2,"39":2,"44":1,"51":2,"55":2,"59":2,"61":2,"69":1,"70":2,"76":2,"79":2,"82":2,"83":2,"85":1,"89":2,"92":1,"93":1,"94":1,"96":1,"97":1,"100":1,"101":1,"103":1,"106":1,"108":2,"114":1,"116":1,"118":1,"123":1,"124":2,"125":2,"126":2,"127":2,"128":2,"129":2,"130":1,"133":2,"134":2,"139":2,"143":1,"144":3,"145":1,"149":1,"150":1,"158":1,"160":1,"161":1,"162":1,"164":1,"166":1,"258":1,"259":1,"271":1,"274":6,"275":6,"277":1,"279":2,"281":1,"283":2,"288":1,"289":1,"291":1,"294":1,"302":1,"305":1,"306":1,"309":1,"310":1,"312":1,"313":1,"314":1,"315":1,"316":1,"317":1,"318":1,"320":1,"321":1,"323":1}},"/home/travis/build/npmtest/node-npmtest-node-lifx/node_modules/node-lifx/lib/lifx.js":{"path":"/home/travis/build/npmtest/node-npmtest-node-lifx/node_modules/node-lifx/lib/lifx.js","s":{"1":1,"2":1,"3":1,"4":1,"5":1,"6":1},"b":{},"f":{},"fnMap":{},"statementMap":{"1":{"start":{"line":1,"column":0},"end":{"line":1,"column":19}},"2":{"start":{"line":4,"column":0},"end":{"line":4,"column":45}},"3":{"start":{"line":7,"column":0},"end":{"line":7,"column":37}},"4":{"start":{"line":10,"column":0},"end":{"line":10,"column":39}},"5":{"start":{"line":13,"column":0},"end":{"line":13,"column":43}},"6":{"start":{"line":16,"column":0},"end":{"line":16,"column":46}}},"branchMap":{},"code":["var lifx = exports;","","// Export constants","lifx.constants = require('./lifx/constants');","","// Export utils","lifx.utils = require('./lifx/utils');","","// Export packet parser","lifx.packet = require('./lifx/packet');","","// Export light device object","lifx.Light = require('./lifx/light').Light;","","// Export client","lifx.Client = require('./lifx/client').Client;",""],"l":{"1":1,"4":1,"7":1,"10":1,"13":1,"16":1}},"/home/travis/build/npmtest/node-npmtest-node-lifx/node_modules/node-lifx/lib/lifx/constants.js":{"path":"/home/travis/build/npmtest/node-npmtest-node-lifx/node_modules/node-lifx/lib/lifx/constants.js","s":{"1":1},"b":{},"f":{},"fnMap":{},"statementMap":{"1":{"start":{"line":3,"column":0},"end":{"line":76,"column":2}}},"branchMap":{},"code":["'use strict';","","module.exports = {","  // Ports used by LIFX","  LIFX_DEFAULT_PORT: 56700,","  LIFX_ANY_PORT: 56800,","","  // Masks for packet description in packet header","  ADDRESSABLE_BIT: 0x1000,","  TAGGED_BIT: 0x2000,","  ORIGIN_BITS: 0xC000,","  PROTOCOL_VERSION_BITS: 0xFFF,","","  // Masks for response types in packet header","  RESPONSE_REQUIRED_BIT: 0x1,","  ACK_REQUIRED_BIT: 0x2,","","  // Protocol version mappings","  PROTOCOL_VERSION_CURRENT: 1024,","  PROTOCOL_VERSION_1: 1024,","","  MESSAGE_RATE_LIMIT: 50, // in ms","  DISCOVERY_INTERVAL: 5000, // in ms","","  // Packet headers","  PACKET_HEADER_SIZE: 36,","  PACKET_HEADER_SEQUENCE_MAX: 255, // 8 bit","","  // HSBK value calculation","  HSBK_MINIMUM_KELVIN: 2500,","  HSBK_DEFAULT_KELVIN: 3500,","  HSBK_MAXIMUM_KELVIN: 9000,","  HSBK_MINIMUM_BRIGHTNESS: 0,","  HSBK_MAXIMUM_BRIGHTNESS: 100,","  HSBK_MINIMUM_SATURATION: 0,","  HSBK_MAXIMUM_SATURATION: 100,","  HSBK_MINIMUM_HUE: 0,","  HSBK_MAXIMUM_HUE: 360,","","  // RGB value","  RGB_MAXIMUM_VALUE: 255,","  RGB_MINIMUM_VALUE: 0,","","  // Infrared values","  IR_MINIMUM_BRIGHTNESS: 0,","  IR_MAXIMUM_BRIGHTNESS: 100,","","  // Waveform values, order is important here","  LIGHT_WAVEFORMS: [","    'SAW',","    'SINE',","    'HALF_SINE',","    'TRIANGLE',","    'PULSE'","  ],","","  // Packet types used by internal sending process","  PACKET_TRANSACTION_TYPES: {","    ONE_WAY: 0,","    REQUEST_RESPONSE: 1","  },","","  // Maps color names to hue and saturation mapping","  // Kelvin and brightness are kept the same","  COLOR_NAME_HS_VALUES: {","    white: {hue: 0, saturation: 0},","    red: {hue: 0, saturation: 100},","    orange: {hue: 35, saturation: 100},","    yellow: {hue: 59, saturation: 100},","    cyan: {hue: 179, saturation: 100},","    green: {hue: 120, saturation: 100},","    blue: {hue: 249, saturation: 100},","    purple: {hue: 279, saturation: 100},","    pink: {hue: 324, saturation: 100}","  }","};",""],"l":{"3":1}},"/home/travis/build/npmtest/node-npmtest-node-lifx/node_modules/node-lifx/lib/lifx/utils.js":{"path":"/home/travis/build/npmtest/node-npmtest-node-lifx/node_modules/node-lifx/lib/lifx/utils.js","s":{"1":1,"2":1,"3":1,"4":1,"5":1,"6":0,"7":0,"8":0,"9":0,"10":0,"11":0,"12":1,"13":0,"14":0,"15":0,"16":0,"17":0,"18":0,"19":0,"20":0,"21":1,"22":0,"23":1,"24":0,"25":1,"26":0,"27":0,"28":1,"29":0,"30":0,"31":0,"32":0,"33":0,"34":0,"35":0,"36":0,"37":0,"38":0,"39":0,"40":0,"41":0,"42":0,"43":0,"44":0,"45":0,"46":0,"47":0,"48":0,"49":0,"50":0,"51":0,"52":1,"53":0,"54":0,"55":0,"56":0,"57":1,"58":0,"59":0,"60":0,"61":0,"62":1,"63":0,"64":0,"65":0,"66":0,"67":0,"68":0,"69":0,"70":0,"71":0,"72":0,"73":0,"74":0,"75":0,"76":0,"77":0,"78":0,"79":0,"80":0,"81":0,"82":0,"83":0,"84":0,"85":0,"86":0,"87":0,"88":0,"89":0,"90":1,"91":0,"92":0,"93":0,"94":0,"95":0,"96":0},"b":{"1":[0,0],"2":[0,0],"3":[0,0],"4":[0,0],"5":[0,0],"6":[0,0],"7":[0,0],"8":[0,0],"9":[0,0],"10":[0,0],"11":[0,0],"12":[0,0],"13":[0,0],"14":[0,0]},"f":{"1":0,"2":0,"3":0,"4":0,"5":0,"6":0,"7":0,"8":0,"9":0,"10":0,"11":0,"12":0,"13":0,"14":0},"fnMap":{"1":{"name":"(anonymous_1)","line":12,"loc":{"start":{"line":12,"column":19},"end":{"line":12,"column":30}}},"2":{"name":"(anonymous_2)","line":15,"loc":{"start":{"line":15,"column":30},"end":{"line":15,"column":47}}},"3":{"name":"(anonymous_3)","line":16,"loc":{"start":{"line":16,"column":27},"end":{"line":16,"column":43}}},"4":{"name":"(anonymous_4)","line":34,"loc":{"start":{"line":34,"column":27},"end":{"line":34,"column":44}}},"5":{"name":"(anonymous_5)","line":58,"loc":{"start":{"line":58,"column":21},"end":{"line":58,"column":46}}},"6":{"name":"(anonymous_6)","line":71,"loc":{"start":{"line":71,"column":22},"end":{"line":71,"column":54}}},"7":{"name":"(anonymous_7)","line":80,"loc":{"start":{"line":80,"column":21},"end":{"line":80,"column":34}}},"8":{"name":"(anonymous_8)","line":91,"loc":{"start":{"line":91,"column":29},"end":{"line":91,"column":52}}},"9":{"name":"(anonymous_9)","line":128,"loc":{"start":{"line":128,"column":25},"end":{"line":128,"column":41}}},"10":{"name":"(anonymous_10)","line":130,"loc":{"start":{"line":130,"column":18},"end":{"line":130,"column":33}}},"11":{"name":"(anonymous_11)","line":136,"loc":{"start":{"line":136,"column":25},"end":{"line":136,"column":41}}},"12":{"name":"(anonymous_12)","line":138,"loc":{"start":{"line":138,"column":18},"end":{"line":138,"column":33}}},"13":{"name":"(anonymous_13)","line":150,"loc":{"start":{"line":150,"column":17},"end":{"line":150,"column":34}}},"14":{"name":"(anonymous_14)","line":200,"loc":{"start":{"line":200,"column":27},"end":{"line":200,"column":57}}}},"statementMap":{"1":{"start":{"line":3,"column":0},"end":{"line":3,"column":23}},"2":{"start":{"line":4,"column":0},"end":{"line":4,"column":45}},"3":{"start":{"line":5,"column":0},"end":{"line":5,"column":51}},"4":{"start":{"line":6,"column":0},"end":{"line":6,"column":20}},"5":{"start":{"line":12,"column":0},"end":{"line":21,"column":2}},"6":{"start":{"line":13,"column":2},"end":{"line":13,"column":15}},"7":{"start":{"line":14,"column":2},"end":{"line":14,"column":38}},"8":{"start":{"line":15,"column":2},"end":{"line":19,"column":5}},"9":{"start":{"line":16,"column":4},"end":{"line":18,"column":7}},"10":{"start":{"line":17,"column":6},"end":{"line":17,"column":30}},"11":{"start":{"line":20,"column":2},"end":{"line":20,"column":13}},"12":{"start":{"line":34,"column":0},"end":{"line":48,"column":2}},"13":{"start":{"line":35,"column":2},"end":{"line":35,"column":18}},"14":{"start":{"line":36,"column":2},"end":{"line":36,"column":33}},"15":{"start":{"line":38,"column":2},"end":{"line":40,"column":3}},"16":{"start":{"line":39,"column":4},"end":{"line":39,"column":15}},"17":{"start":{"line":42,"column":2},"end":{"line":45,"column":3}},"18":{"start":{"line":43,"column":4},"end":{"line":43,"column":64}},"19":{"start":{"line":44,"column":4},"end":{"line":44,"column":62}},"20":{"start":{"line":47,"column":2},"end":{"line":47,"column":16}},"21":{"start":{"line":58,"column":0},"end":{"line":60,"column":2}},"22":{"start":{"line":59,"column":2},"end":{"line":59,"column":42}},"23":{"start":{"line":71,"column":0},"end":{"line":73,"column":2}},"24":{"start":{"line":72,"column":2},"end":{"line":72,"column":42}},"25":{"start":{"line":80,"column":0},"end":{"line":83,"column":2}},"26":{"start":{"line":81,"column":2},"end":{"line":81,"column":44}},"27":{"start":{"line":82,"column":2},"end":{"line":82,"column":28}},"28":{"start":{"line":91,"column":0},"end":{"line":126,"column":2}},"29":{"start":{"line":92,"column":2},"end":{"line":94,"column":3}},"30":{"start":{"line":93,"column":4},"end":{"line":93,"column":97}},"31":{"start":{"line":95,"column":2},"end":{"line":95,"column":43}},"32":{"start":{"line":96,"column":2},"end":{"line":98,"column":3}},"33":{"start":{"line":97,"column":4},"end":{"line":97,"column":105}},"34":{"start":{"line":99,"column":2},"end":{"line":99,"column":39}},"35":{"start":{"line":100,"column":2},"end":{"line":102,"column":3}},"36":{"start":{"line":101,"column":4},"end":{"line":101,"column":111}},"37":{"start":{"line":104,"column":2},"end":{"line":104,"column":8}},"38":{"start":{"line":105,"column":2},"end":{"line":105,"column":8}},"39":{"start":{"line":106,"column":2},"end":{"line":106,"column":8}},"40":{"start":{"line":108,"column":2},"end":{"line":119,"column":3}},"41":{"start":{"line":109,"column":4},"end":{"line":109,"column":32}},"42":{"start":{"line":110,"column":4},"end":{"line":110,"column":32}},"43":{"start":{"line":111,"column":4},"end":{"line":111,"column":32}},"44":{"start":{"line":112,"column":9},"end":{"line":119,"column":3}},"45":{"start":{"line":113,"column":4},"end":{"line":113,"column":32}},"46":{"start":{"line":114,"column":4},"end":{"line":114,"column":11}},"47":{"start":{"line":115,"column":4},"end":{"line":115,"column":32}},"48":{"start":{"line":116,"column":4},"end":{"line":116,"column":11}},"49":{"start":{"line":117,"column":4},"end":{"line":117,"column":32}},"50":{"start":{"line":118,"column":4},"end":{"line":118,"column":11}},"51":{"start":{"line":121,"column":2},"end":{"line":125,"column":4}},"52":{"start":{"line":128,"column":0},"end":{"line":134,"column":2}},"53":{"start":{"line":129,"column":2},"end":{"line":129,"column":33}},"54":{"start":{"line":130,"column":2},"end":{"line":132,"column":5}},"55":{"start":{"line":131,"column":4},"end":{"line":131,"column":17}},"56":{"start":{"line":133,"column":2},"end":{"line":133,"column":23}},"57":{"start":{"line":136,"column":0},"end":{"line":142,"column":2}},"58":{"start":{"line":137,"column":2},"end":{"line":137,"column":33}},"59":{"start":{"line":138,"column":2},"end":{"line":140,"column":5}},"60":{"start":{"line":139,"column":4},"end":{"line":139,"column":17}},"61":{"start":{"line":141,"column":2},"end":{"line":141,"column":43}},"62":{"start":{"line":150,"column":0},"end":{"line":191,"column":2}},"63":{"start":{"line":151,"column":2},"end":{"line":151,"column":51}},"64":{"start":{"line":152,"column":2},"end":{"line":152,"column":53}},"65":{"start":{"line":153,"column":2},"end":{"line":153,"column":52}},"66":{"start":{"line":154,"column":2},"end":{"line":154,"column":31}},"67":{"start":{"line":155,"column":2},"end":{"line":155,"column":15}},"68":{"start":{"line":157,"column":2},"end":{"line":157,"column":40}},"69":{"start":{"line":158,"column":2},"end":{"line":158,"column":40}},"70":{"start":{"line":159,"column":2},"end":{"line":159,"column":20}},"71":{"start":{"line":162,"column":2},"end":{"line":162,"column":10}},"72":{"start":{"line":163,"column":2},"end":{"line":174,"column":3}},"73":{"start":{"line":164,"column":4},"end":{"line":164,"column":12}},"74":{"start":{"line":165,"column":9},"end":{"line":174,"column":3}},"75":{"start":{"line":166,"column":4},"end":{"line":166,"column":31}},"76":{"start":{"line":167,"column":4},"end":{"line":169,"column":5}},"77":{"start":{"line":168,"column":6},"end":{"line":168,"column":15}},"78":{"start":{"line":170,"column":9},"end":{"line":174,"column":3}},"79":{"start":{"line":171,"column":4},"end":{"line":171,"column":33}},"80":{"start":{"line":173,"column":4},"end":{"line":173,"column":34}},"81":{"start":{"line":175,"column":2},"end":{"line":175,"column":31}},"82":{"start":{"line":178,"column":2},"end":{"line":178,"column":22}},"83":{"start":{"line":179,"column":2},"end":{"line":179,"column":38}},"84":{"start":{"line":182,"column":2},"end":{"line":182,"column":17}},"85":{"start":{"line":183,"column":2},"end":{"line":187,"column":3}},"86":{"start":{"line":184,"column":4},"end":{"line":184,"column":19}},"87":{"start":{"line":186,"column":4},"end":{"line":186,"column":33}},"88":{"start":{"line":188,"column":2},"end":{"line":188,"column":39}},"89":{"start":{"line":190,"column":2},"end":{"line":190,"column":13}},"90":{"start":{"line":200,"column":0},"end":{"line":216,"column":2}},"91":{"start":{"line":201,"column":2},"end":{"line":213,"column":3}},"92":{"start":{"line":202,"column":4},"end":{"line":212,"column":5}},"93":{"start":{"line":203,"column":6},"end":{"line":211,"column":7}},"94":{"start":{"line":204,"column":8},"end":{"line":210,"column":9}},"95":{"start":{"line":205,"column":10},"end":{"line":209,"column":12}},"96":{"start":{"line":215,"column":2},"end":{"line":215,"column":15}}},"branchMap":{"1":{"line":38,"type":"if","locations":[{"start":{"line":38,"column":2},"end":{"line":38,"column":2}},{"start":{"line":38,"column":2},"end":{"line":38,"column":2}}]},"2":{"line":92,"type":"if","locations":[{"start":{"line":92,"column":2},"end":{"line":92,"column":2}},{"start":{"line":92,"column":2},"end":{"line":92,"column":2}}]},"3":{"line":96,"type":"if","locations":[{"start":{"line":96,"column":2},"end":{"line":96,"column":2}},{"start":{"line":96,"column":2},"end":{"line":96,"column":2}}]},"4":{"line":100,"type":"if","locations":[{"start":{"line":100,"column":2},"end":{"line":100,"column":2}},{"start":{"line":100,"column":2},"end":{"line":100,"column":2}}]},"5":{"line":100,"type":"binary-expr","locations":[{"start":{"line":100,"column":6},"end":{"line":100,"column":26}},{"start":{"line":100,"column":30},"end":{"line":100,"column":50}}]},"6":{"line":108,"type":"if","locations":[{"start":{"line":108,"column":2},"end":{"line":108,"column":2}},{"start":{"line":108,"column":2},"end":{"line":108,"column":2}}]},"7":{"line":112,"type":"if","locations":[{"start":{"line":112,"column":9},"end":{"line":112,"column":9}},{"start":{"line":112,"column":9},"end":{"line":112,"column":9}}]},"8":{"line":163,"type":"if","locations":[{"start":{"line":163,"column":2},"end":{"line":163,"column":2}},{"start":{"line":163,"column":2},"end":{"line":163,"column":2}}]},"9":{"line":165,"type":"if","locations":[{"start":{"line":165,"column":9},"end":{"line":165,"column":9}},{"start":{"line":165,"column":9},"end":{"line":165,"column":9}}]},"10":{"line":167,"type":"if","locations":[{"start":{"line":167,"column":4},"end":{"line":167,"column":4}},{"start":{"line":167,"column":4},"end":{"line":167,"column":4}}]},"11":{"line":170,"type":"if","locations":[{"start":{"line":170,"column":9},"end":{"line":170,"column":9}},{"start":{"line":170,"column":9},"end":{"line":170,"column":9}}]},"12":{"line":183,"type":"if","locations":[{"start":{"line":183,"column":2},"end":{"line":183,"column":2}},{"start":{"line":183,"column":2},"end":{"line":183,"column":2}}]},"13":{"line":202,"type":"if","locations":[{"start":{"line":202,"column":4},"end":{"line":202,"column":4}},{"start":{"line":202,"column":4},"end":{"line":202,"column":4}}]},"14":{"line":204,"type":"if","locations":[{"start":{"line":204,"column":8},"end":{"line":204,"column":8}},{"start":{"line":204,"column":8},"end":{"line":204,"column":8}}]}},"code":["'use strict';","","var os = require('os');","var constants = require('../lifx').constants;","var productDetailList = require('./products.json');","var utils = exports;","","/**"," * Return all ip addresses of the machine"," * @return {Array} list containing ip address info"," */","utils.getHostIPs = function() {","  var ips = [];","  var ifaces = os.networkInterfaces();","  Object.keys(ifaces).forEach(function(ifname) {","    ifaces[ifname].forEach(function(iface) {","      ips.push(iface.address);","    });","  });","  return ips;","};","","/**"," * Generates a random hex string of the given length"," * @example"," * // returns something like 8AF1"," * utils.getRandomHexString(4)"," * @example"," * // returns something like 0D41C8AF"," * utils.getRandomHexString()"," * @param  {Number} [length=8] string length to generate"," * @return {String}            random hex string"," */","utils.getRandomHexString = function(length) {","  var string = '';","  var chars = '0123456789ABCDEF';","","  if (!length) {","    length = 8;","  }","","  for (var i = 0; i < length; i++) {","    var randomNumber = Math.floor(Math.random() * chars.length);","    string += chars.substring(randomNumber, randomNumber + 1);","  }","","  return string;","};","","/**"," * Reads a little-endian unsigned 64-bit value and returns it as buffer"," * This function exists for easy replacing if a native method will be provided"," * by node.js and does not make sense like is"," * @param  {Buffer} buffer buffer to read from"," * @param  {Number} offset offset to begin reading from"," * @return {Buffer}        resulting 64-bit buffer"," */","utils.readUInt64LE = function(buffer, offset) {","  return buffer.slice(offset, offset + 8);","};","","/**"," * Writes a 64-bit value provided as buffer and returns the result"," * This function exists for easy replacing if a native method will be provided"," * by node.js and does not make sense like is"," * @param  {Buffer} buffer buffer to write from"," * @param  {Number} offset offset to begin reading from"," * @param  {Buffer} input  the buffer to write"," * @return {Buffer}        resulting 64-bit buffer"," */","utils.writeUInt64LE = function(buffer, offset, input) {","  return input.copy(buffer, offset, 0, 8);","};","","/**"," * Validates a given ip address is IPv4 format"," * @param  {String} ip IP address to validate"," * @return {Boolean}   is IPv4 format?"," */","utils.isIpv4Format = function(ip) {","  var ipv4Regex = /^(\\d{1,3}\\.){3}\\d{1,3}$/;","  return ipv4Regex.test(ip);","};","","/**"," * Converts an RGB Hex string to an object with decimal representations"," * @example rgbHexStringToObject('#FF00FF')"," * @param {String} rgbHexString hex value to parse, with leading #"," * @return {Object}             object with decimal values for r, g, b"," */","utils.rgbHexStringToObject = function(rgbHexString) {","  if (typeof rgbHexString !== 'string') {","    throw new TypeError('LIFX util rgbHexStringToObject expects first parameter to be a string');","  }","  var hashChar = rgbHexString.substr(0, 1);","  if (hashChar !== '#') {","    throw new RangeError('LIFX util rgbHexStringToObject expects hex parameter with leading \\'#\\' sign');","  }","  var pureHex = rgbHexString.substr(1);","  if (pureHex.length !== 6 && pureHex.length !== 3) {","    throw new RangeError('LIFX util rgbHexStringToObject expects hex value parameter to be 3 or 6 chars long');","  }","","  var r;","  var g;","  var b;","","  if (pureHex.length === 6) {","    r = pureHex.substring(0, 2);","    g = pureHex.substring(2, 4);","    b = pureHex.substring(4, 6);","  } else if (pureHex.length === 3) {","    r = pureHex.substring(0, 1);","    r += r;","    g = pureHex.substring(1, 2);","    g += g;","    b = pureHex.substring(2, 3);","    b += b;","  }","","  return {","    r: parseInt(r, 16),","    g: parseInt(g, 16),","    b: parseInt(b, 16)","  };","};","","utils.minNumberInArray = function(array) {","  var sortedCopy = array.slice();","  sortedCopy.sort(function(a, b) {","    return a - b;","  });","  return sortedCopy[0];","};","","utils.maxNumberInArray = function(array) {","  var sortedCopy = array.slice();","  sortedCopy.sort(function(a, b) {","    return a - b;","  });","  return sortedCopy[sortedCopy.length - 1];","};","","/**"," * Converts an object with r,g,b integer values to an"," * hsb integer object"," * @param {Object} rgbObj object with r,g,b keys and values"," * @return {Object} hsbObj object with h,s,b keys and converted values"," */","utils.rgbToHsb = function(rgbObj) {","  var red = rgbObj.r / constants.RGB_MAXIMUM_VALUE;","  var green = rgbObj.g / constants.RGB_MAXIMUM_VALUE;","  var blue = rgbObj.b / constants.RGB_MAXIMUM_VALUE;","  var rgb = [red, green, blue];","  var hsb = {};","","  var max = utils.maxNumberInArray(rgb);","  var min = utils.minNumberInArray(rgb);","  var c = max - min;","","  // https://en.wikipedia.org/wiki/HSL_and_HSV#Hue_and_chroma","  var hue;","  if (c === 0) {","    hue = 0;","  } else if (max === red) {","    hue = ((green - blue) / c);","    if (hue < 0) {","      hue += 6;","    }","  } else if (max === green) {","    hue = 2 + ((blue - red) / c);","  } else { // max === blue","    hue = 4 + ((red - green) / c);","  }","  hsb.h = Math.round(60 * hue);","","  // https://en.wikipedia.org/wiki/HSL_and_HSV#Lightness","  var lightness = max;","  hsb.b = Math.round(lightness * 100);","","  // https://en.wikipedia.org/wiki/HSL_and_HSV#Saturation","  var saturation;","  if (c === 0) {","    saturation = 0;","  } else {","    saturation = (c / lightness);","  }","  hsb.s = Math.round(saturation * 100);","","  return hsb;","};","","/**"," * Get's product and vendor details for the given id's"," * hsb integer object"," * @param {Number} vendorId id of the vendor"," * @param {Number} productId id of the product"," * @return {Object|Boolean} product and details vendor details or false if not found"," */","utils.getHardwareDetails = function(vendorId, productId) {","  for (var i = 0; i < productDetailList.length; i += 1) {","    if (productDetailList[i].vid === vendorId) {","      for (var j = 0; j < productDetailList[i].products.length; j += 1) {","        if (productDetailList[i].products[j].pid === productId) {","          return {","            vendorName: productDetailList[i].name,","            productName: productDetailList[i].products[j].name,","            productFeatures: productDetailList[i].products[j].features","          };","        }","      }","    }","  }","","  return false;","};",""],"l":{"3":1,"4":1,"5":1,"6":1,"12":1,"13":0,"14":0,"15":0,"16":0,"17":0,"20":0,"34":1,"35":0,"36":0,"38":0,"39":0,"42":0,"43":0,"44":0,"47":0,"58":1,"59":0,"71":1,"72":0,"80":1,"81":0,"82":0,"91":1,"92":0,"93":0,"95":0,"96":0,"97":0,"99":0,"100":0,"101":0,"104":0,"105":0,"106":0,"108":0,"109":0,"110":0,"111":0,"112":0,"113":0,"114":0,"115":0,"116":0,"117":0,"118":0,"121":0,"128":1,"129":0,"130":0,"131":0,"133":0,"136":1,"137":0,"138":0,"139":0,"141":0,"150":1,"151":0,"152":0,"153":0,"154":0,"155":0,"157":0,"158":0,"159":0,"162":0,"163":0,"164":0,"165":0,"166":0,"167":0,"168":0,"170":0,"171":0,"173":0,"175":0,"178":0,"179":0,"182":0,"183":0,"184":0,"186":0,"188":0,"190":0,"200":1,"201":0,"202":0,"203":0,"204":0,"205":0,"215":0}},"/home/travis/build/npmtest/node-npmtest-node-lifx/node_modules/node-lifx/lib/lifx/packet.js":{"path":"/home/travis/build/npmtest/node-npmtest-node-lifx/node_modules/node-lifx/lib/lifx/packet.js","s":{"1":1,"2":1,"3":1,"4":1,"5":1,"6":1,"7":1,"8":0,"9":0,"10":0,"11":0,"12":0,"13":0,"14":0,"15":0,"16":0,"17":0,"18":0,"19":0,"20":0,"21":0,"22":0,"23":0,"24":0,"25":0,"26":0,"27":0,"28":0,"29":0,"30":0,"31":0,"32":0,"33":0,"34":0,"35":0,"36":0,"37":0,"38":0,"39":0,"40":1,"41":0,"42":0,"43":0,"44":0,"45":0,"46":0,"47":0,"48":0,"49":0,"50":0,"51":0,"52":1,"53":0,"54":0,"55":0,"56":0,"57":0,"58":0,"59":0,"60":0,"61":0,"62":0,"63":0,"64":0,"65":0,"66":0,"67":0,"68":0,"69":0,"70":0,"71":0,"72":0,"73":0,"74":0,"75":0,"76":0,"77":0,"78":0,"79":0,"80":0,"81":0,"82":0,"83":0,"84":0,"85":0,"86":0,"87":0,"88":0,"89":0,"90":0,"91":0,"92":0,"93":0,"94":0,"95":0,"96":0,"97":0,"98":0,"99":0,"100":0,"101":0,"102":0,"103":0,"104":0,"105":0,"106":1,"107":0,"108":0,"109":0,"110":0,"111":0,"112":0,"113":0,"114":0,"115":0,"116":0,"117":0,"118":1,"119":0,"120":0,"121":0,"122":0,"123":0,"124":0,"125":0,"126":0,"127":0,"128":0,"129":0,"130":0,"131":0,"132":0,"133":0,"134":0,"135":0,"136":0,"137":0,"138":1},"b":{"1":[0,0],"2":[0,0],"3":[0,0],"4":[0,0],"5":[0,0],"6":[0,0],"7":[0,0],"8":[0,0,0],"9":[0,0],"10":[0,0],"11":[0,0],"12":[0,0],"13":[0,0],"14":[0,0],"15":[0,0],"16":[0,0],"17":[0,0],"18":[0,0],"19":[0,0],"20":[0,0],"21":[0,0],"22":[0,0],"23":[0,0],"24":[0,0],"25":[0,0],"26":[0,0],"27":[0,0],"28":[0,0],"29":[0,0],"30":[0,0],"31":[0,0],"32":[0,0],"33":[0,0],"34":[0,0],"35":[0,0],"36":[0,0],"37":[0,0],"38":[0,0],"39":[0,0],"40":[0,0],"41":[0,0],"42":[0,0],"43":[0,0]},"f":{"1":0,"2":0,"3":0,"4":0,"5":0},"fnMap":{"1":{"name":"(anonymous_1)","line":86,"loc":{"start":{"line":86,"column":24},"end":{"line":86,"column":38}}},"2":{"name":"(anonymous_2)","line":141,"loc":{"start":{"line":141,"column":18},"end":{"line":141,"column":32}}},"3":{"name":"(anonymous_3)","line":170,"loc":{"start":{"line":170,"column":24},"end":{"line":170,"column":38}}},"4":{"name":"(anonymous_4)","line":269,"loc":{"start":{"line":269,"column":18},"end":{"line":269,"column":32}}},"5":{"name":"(anonymous_5)","line":302,"loc":{"start":{"line":302,"column":16},"end":{"line":302,"column":55}}}},"statementMap":{"1":{"start":{"line":3,"column":0},"end":{"line":3,"column":45}},"2":{"start":{"line":4,"column":0},"end":{"line":4,"column":35}},"3":{"start":{"line":5,"column":0},"end":{"line":5,"column":37}},"4":{"start":{"line":6,"column":0},"end":{"line":6,"column":26}},"5":{"start":{"line":24,"column":0},"end":{"line":24,"column":16}},"6":{"start":{"line":30,"column":0},"end":{"line":79,"column":2}},"7":{"start":{"line":86,"column":0},"end":{"line":134,"column":2}},"8":{"start":{"line":87,"column":2},"end":{"line":87,"column":15}},"9":{"start":{"line":88,"column":2},"end":{"line":88,"column":17}},"10":{"start":{"line":91,"column":2},"end":{"line":91,"column":38}},"11":{"start":{"line":92,"column":2},"end":{"line":92,"column":14}},"12":{"start":{"line":94,"column":2},"end":{"line":94,"column":50}},"13":{"start":{"line":95,"column":2},"end":{"line":95,"column":73}},"14":{"start":{"line":96,"column":2},"end":{"line":96,"column":63}},"15":{"start":{"line":97,"column":2},"end":{"line":97,"column":72}},"16":{"start":{"line":98,"column":2},"end":{"line":98,"column":77}},"17":{"start":{"line":99,"column":2},"end":{"line":99,"column":14}},"18":{"start":{"line":101,"column":2},"end":{"line":101,"column":55}},"19":{"start":{"line":102,"column":2},"end":{"line":102,"column":14}},"20":{"start":{"line":105,"column":2},"end":{"line":105,"column":55}},"21":{"start":{"line":106,"column":2},"end":{"line":106,"column":14}},"22":{"start":{"line":108,"column":2},"end":{"line":108,"column":48}},"23":{"start":{"line":109,"column":2},"end":{"line":109,"column":14}},"24":{"start":{"line":111,"column":2},"end":{"line":111,"column":54}},"25":{"start":{"line":112,"column":2},"end":{"line":112,"column":41}},"26":{"start":{"line":113,"column":2},"end":{"line":113,"column":14}},"27":{"start":{"line":115,"column":2},"end":{"line":115,"column":54}},"28":{"start":{"line":116,"column":2},"end":{"line":116,"column":81}},"29":{"start":{"line":117,"column":2},"end":{"line":117,"column":86}},"30":{"start":{"line":118,"column":2},"end":{"line":118,"column":14}},"31":{"start":{"line":120,"column":2},"end":{"line":120,"column":39}},"32":{"start":{"line":121,"column":2},"end":{"line":121,"column":14}},"33":{"start":{"line":124,"column":2},"end":{"line":124,"column":45}},"34":{"start":{"line":125,"column":2},"end":{"line":125,"column":14}},"35":{"start":{"line":127,"column":2},"end":{"line":127,"column":38}},"36":{"start":{"line":128,"column":2},"end":{"line":128,"column":14}},"37":{"start":{"line":130,"column":2},"end":{"line":130,"column":48}},"38":{"start":{"line":131,"column":2},"end":{"line":131,"column":14}},"39":{"start":{"line":133,"column":2},"end":{"line":133,"column":13}},"40":{"start":{"line":141,"column":0},"end":{"line":163,"column":2}},"41":{"start":{"line":142,"column":2},"end":{"line":142,"column":15}},"42":{"start":{"line":145,"column":2},"end":{"line":150,"column":3}},"43":{"start":{"line":146,"column":4},"end":{"line":146,"column":35}},"44":{"start":{"line":149,"column":4},"end":{"line":149,"column":15}},"45":{"start":{"line":152,"column":2},"end":{"line":160,"column":3}},"46":{"start":{"line":153,"column":4},"end":{"line":153,"column":75}},"47":{"start":{"line":154,"column":4},"end":{"line":159,"column":5}},"48":{"start":{"line":155,"column":6},"end":{"line":158,"column":7}},"49":{"start":{"line":156,"column":8},"end":{"line":156,"column":94}},"50":{"start":{"line":157,"column":8},"end":{"line":157,"column":41}},"51":{"start":{"line":162,"column":2},"end":{"line":162,"column":13}},"52":{"start":{"line":170,"column":0},"end":{"line":262,"column":2}},"53":{"start":{"line":171,"column":2},"end":{"line":171,"column":27}},"54":{"start":{"line":172,"column":2},"end":{"line":172,"column":14}},"55":{"start":{"line":173,"column":2},"end":{"line":173,"column":17}},"56":{"start":{"line":176,"column":2},"end":{"line":176,"column":38}},"57":{"start":{"line":177,"column":2},"end":{"line":177,"column":14}},"58":{"start":{"line":179,"column":2},"end":{"line":181,"column":3}},"59":{"start":{"line":180,"column":4},"end":{"line":180,"column":61}},"60":{"start":{"line":182,"column":2},"end":{"line":182,"column":45}},"61":{"start":{"line":184,"column":2},"end":{"line":188,"column":3}},"62":{"start":{"line":185,"column":4},"end":{"line":185,"column":50}},"63":{"start":{"line":186,"column":9},"end":{"line":188,"column":3}},"64":{"start":{"line":187,"column":4},"end":{"line":187,"column":50}},"65":{"start":{"line":190,"column":2},"end":{"line":192,"column":3}},"66":{"start":{"line":191,"column":4},"end":{"line":191,"column":45}},"67":{"start":{"line":194,"column":2},"end":{"line":197,"column":3}},"68":{"start":{"line":196,"column":4},"end":{"line":196,"column":34}},"69":{"start":{"line":199,"column":2},"end":{"line":199,"column":46}},"70":{"start":{"line":200,"column":2},"end":{"line":200,"column":14}},"71":{"start":{"line":202,"column":2},"end":{"line":208,"column":3}},"72":{"start":{"line":203,"column":4},"end":{"line":207,"column":5}},"73":{"start":{"line":204,"column":6},"end":{"line":204,"column":46}},"74":{"start":{"line":206,"column":6},"end":{"line":206,"column":72}},"75":{"start":{"line":209,"column":2},"end":{"line":209,"column":14}},"76":{"start":{"line":212,"column":2},"end":{"line":214,"column":3}},"77":{"start":{"line":213,"column":4},"end":{"line":213,"column":44}},"78":{"start":{"line":215,"column":2},"end":{"line":215,"column":14}},"79":{"start":{"line":218,"column":2},"end":{"line":218,"column":14}},"80":{"start":{"line":220,"column":2},"end":{"line":222,"column":3}},"81":{"start":{"line":221,"column":4},"end":{"line":221,"column":43}},"82":{"start":{"line":223,"column":2},"end":{"line":223,"column":14}},"83":{"start":{"line":225,"column":2},"end":{"line":225,"column":34}},"84":{"start":{"line":226,"column":2},"end":{"line":228,"column":3}},"85":{"start":{"line":227,"column":4},"end":{"line":227,"column":58}},"86":{"start":{"line":230,"column":2},"end":{"line":232,"column":3}},"87":{"start":{"line":231,"column":4},"end":{"line":231,"column":63}},"88":{"start":{"line":233,"column":2},"end":{"line":233,"column":50}},"89":{"start":{"lin
[...]
  throw new TypeError('LIFX Client resendPacketDelay option must be a number');","  }","  this.resendPacketDelay = opts.resendPacketDelay;","","  if (typeof opts.resendMaxTimes !== 'number') {","    throw new TypeError('LIFX Client resendMaxTimes option must be a number');","  }","  this.resendMaxTimes = opts.resendMaxTimes;","","  if (typeof opts.broadcast !== 'string') {","    throw new TypeError('LIFX Client broadcast option must be a string');","  } else if (!utils.isIpv4Format(opts.broadcast)) {","    throw new TypeError('LIFX Client broadcast option does only allow IPv4 address format');","  }","  this.broadcastAddress = opts.broadcast;","","  if (!_.isArray(opts.lights)) {","    throw new TypeError('LIFX Client lights option must be an array');","  } else {","    opts.lights.forEach(function(light) {","      if (!utils.isIpv4Format(light)) {","        throw new TypeError('LIFX Client lights option array element \\'' + light + '\\' is not expected IPv4 format');","      }","    });","  }","","  if (opts.source !== '') {","    if (typeof opts.source === 'string') {","      if (/^[0-9A-F]{8}$/.test(opts.source)) {","        this.source = opts.source;","      } else {","        throw new RangeError('LIFX Client source option must be 8 hex chars');","      }","    } else {","      throw new TypeError('LIFX Client source option must be given as string');","    }","  }","","  this.socket.on('error', function(err) {","    this.isSocketBound = false;","    console.error('LIFX Client UDP error');","    console.trace(err);","    this.socket.close();","    this.emit('error', err);","  }.bind(this));","","  this.socket.on('message', function(msg, rinfo) {","    // Ignore own messages and false formats","    if (utils.getHostIPs().indexOf(rinfo.address) >= 0 || !Buffer.isBuffer(msg)) {","      return;","    }","","    /* istanbul ignore if  */","    if (this.debug) {","      console.log('DEBUG - ' + msg.toString('hex') + ' from ' + rinfo.address);","    }","","    // Parse packet to object","    var parsedMsg = Packet.toObject(msg);","","    // Check if packet is read successfully","    if (parsedMsg instanceof Error) {","      console.error('LIFX Client invalid packet header error');","      console.error('Packet: ', msg.toString('hex'));","      console.trace(parsedMsg);","    } else {","      // Convert type before emitting","      var messageTypeName = _.result(_.find(Packet.typeList, {id: parsedMsg.type}), 'name');","      if (messageTypeName !== undefined) {","        parsedMsg.type = messageTypeName;","      }","      // Check for handlers of given message and rinfo","      this.processMessageHandlers(parsedMsg, rinfo);","","      this.emit('message', parsedMsg, rinfo);","    }","  }.bind(this));","","  this.socket.bind(opts.port, opts.address, function() {","    this.isSocketBound = true;","    this.socket.setBroadcast(true);","    this.emit('listening');","    this.port = opts.port;","","    // Start scanning","    if (opts.startDiscovery) {","      this.startDiscovery(opts.lights);","    }","    if (typeof callback === 'function') {","      return callback();","    }","  }.bind(this));","};","","/**"," * Destroy an instance"," */","Client.prototype.destroy = function() {","  this.stopDiscovery();","  this.stopSendingProcess();","  if (this.isSocketBound) {","    this.socket.close();","  }","};","","/**"," * Sends a packet from the messages queue or stops the sending process"," * if queue is empty"," **/","Client.prototype.sendingProcess = function() {","  if (!this.isSocketBound) {","    this.stopSendingProcess();","    console.log('LIFX Client stopped sending due to unbound socket');","    return;","  }","","  if (this.messagesQueue.length > 0) {","    var msg = this.messagesQueue.pop();","    if (msg.address === undefined) {","      msg.address = this.broadcastAddress;","    }","    if (msg.transactionType === constants.PACKET_TRANSACTION_TYPES.ONE_WAY) {","      this.socket.send(msg.data, 0, msg.data.length, this.port, msg.address);","      /* istanbul ignore if  */","      if (this.debug) {","        console.log('DEBUG - ' + msg.data.toString('hex') + ' to ' + msg.address);","      }","    } else if (msg.transactionType === constants.PACKET_TRANSACTION_TYPES.REQUEST_RESPONSE) {","      if (msg.timesSent < this.resendMaxTimes) {","        if (Date.now() > (msg.timeLastSent + this.resendPacketDelay)) {","          this.socket.send(msg.data, 0, msg.data.length, this.port, msg.address);","          msg.timesSent += 1;","          msg.timeLastSent = Date.now();","          /* istanbul ignore if  */","          if (this.debug) {","            console.log(","              'DEBUG - ' + msg.data.toString('hex') + ' to ' + msg.address +","              ', send ' + msg.timesSent + ' time(s)'","            );","          }","        }","        // Add to the end of the queue again","        this.messagesQueue.unshift(msg);","      } else {","        this.messageHandlers.forEach(function(handler, hdlrIndex) {","          if (handler.type === 'acknowledgement' && handler.sequenceNumber === msg.sequence) {","            this.messageHandlers.splice(hdlrIndex, 1);","            var err = new Error('No LIFX response after max resend limit of ' + this.resendMaxTimes);","            return handler.callback(err, null, null);","          }","        }.bind(this));","      }","    }","  } else {","    this.stopSendingProcess();","  }","};","","/**"," * Starts the sending of all packages in the queue"," */","Client.prototype.startSendingProcess = function() {","  if (this.sendTimer === null) { // Already running?","    this.sendTimer = setInterval(this.sendingProcess.bind(this), constants.MESSAGE_RATE_LIMIT);","  }","};","","/**"," * Stops sending of all packages in the queue"," */","Client.prototype.stopSendingProcess = function() {","  if (this.sendTimer !== null) {","    clearInterval(this.sendTimer);","    this.sendTimer = null;","  }","};","","/**"," * Start discovery of lights"," * This will keep the list of lights updated, finds new lights and sets lights"," * offline if no longer found"," * @param {Array} [lights] Pre set list of ip addresses of known addressable lights to request directly"," */","Client.prototype.startDiscovery = function(lights) {","  lights = lights || [];","  var sendDiscoveryPacket = function() {","    // Sign flag on inactive lights","    _.forEach(this.devices, _.bind(function(info, deviceId) {","      if (this.devices[deviceId].status !== 'off') {","        var diff = this.discoveryPacketSequence - info.seenOnDiscovery;","        if (diff >= this.lightOfflineTolerance) {","          this.devices[deviceId].status = 'off';","          this.emit('bulb-offline', info); // deprecated","          this.emit('light-offline', info);","        }","      }","    }, this));","","    // Send a discovery packet broadcast","    this.send(Packet.create('getService', {}, this.source));","","    // Send a discovery packet to each light given directly","    lights.forEach(function(lightAddress) {","      var msg = Packet.create('getService', {}, this.source);","      msg.address = lightAddress;","      this.send(msg);","    }, this);","","    // Keep track of a sequent number to find not answering lights","    if (this.discoveryPacketSequence >= Number.MAX_VALUE) {","      this.discoveryPacketSequence = 0;","    } else {","      this.discoveryPacketSequence += 1;","    }","  }.bind(this);","","  this.discoveryTimer = setInterval(","    sendDiscoveryPacket,","    constants.DISCOVERY_INTERVAL","  );","","  sendDiscoveryPacket();","};","","/**"," * Checks all registered message handlers if they request the given message"," * @param  {Object} msg message to check handler for"," * @param  {Object} rinfo rinfo address info to check handler for"," */","Client.prototype.processMessageHandlers = function(msg, rinfo) {","  // Process only packages for us","  if (msg.source.toLowerCase() !== this.source.toLowerCase()) {","    return;","  }","  // We check our message handler if the answer received is requested","  this.messageHandlers.forEach(function(handler, hdlrIndex) {","    if (msg.type === handler.type) {","      if (handler.sequenceNumber !== undefined) {","        if (handler.sequenceNumber === msg.sequence) {","          // Remove if specific packet was request, since it should only be called once","          this.messageHandlers.splice(hdlrIndex, 1);","          this.messagesQueue.forEach(function(packet, packetIndex) {","            if (packet.transactionType === constants.PACKET_TRANSACTION_TYPES.REQUEST_RESPONSE &&","                packet.sequence === msg.sequence) {","              this.messagesQueue.splice(packetIndex, 1);","            }","          }.bind(this));","","          // Call the function requesting the packet","          return handler.callback(null, msg, rinfo);","        }","      } else {","        // Call the function requesting the packet","        return handler.callback(null, msg, rinfo);","      }","    }","","    // We want to call expired request handlers for specific packages after the","    // messageHandlerTimeout set in options, to specify an error","    if (handler.sequenceNumber !== undefined) {","      if (Date.now() > (handler.timestamp + this.messageHandlerTimeout)) {","        this.messageHandlers.splice(hdlrIndex, 1);","","        var err = new Error('No LIFX response in time');","        return handler.callback(err, null, null);","      }","    }","  }, this);","};","","/**"," * Processes a discovery report packet to update internals"," * @param  {Object} err Error if existant"," * @param  {Object} msg The discovery report package"," * @param  {Object} rinfo Remote host details"," */","Client.prototype.processDiscoveryPacket = function(err, msg, rinfo) {","  if (err) {","    return;","  }","  if (msg.service === 'udp' && msg.port === constants.LIFX_DEFAULT_PORT) {","    // Add / update the found gateway","    if (!this.devices[msg.target]) {","      var lightDevice = new Light({","        client: this,","        id: msg.target,","        address: rinfo.address,","        port: msg.port,","        seenOnDiscovery: this.discoveryPacketSequence","      });","      this.devices[msg.target] = lightDevice;","","      // Request label","      var labelRequest = Packet.create('getLabel', {}, this.source);","      labelRequest.target = msg.target;","      this.send(labelRequest);","","      this.emit('bulb-new', lightDevice); // deprecated","      this.emit('light-new', lightDevice);","    } else {","      if (this.devices[msg.target].status === 'off') {","        this.devices[msg.target].status = 'on';","        this.emit('bulb-online', this.devices[msg.target]); // deprecated","        this.emit('light-online', this.devices[msg.target]);","      }","      this.devices[msg.target].address = rinfo.address;","      this.devices[msg.target].seenOnDiscovery = this.discoveryPacketSequence;","    }","  }","};","","/**"," * Processes a state label packet to update internals"," * @param {Object} err Error if existant"," * @param {Object} msg The state label package"," */","Client.prototype.processLabelPacket = function(err, msg) {","  if (err) {","    return;","  }","  if (this.devices[msg.target] !== undefined) {","    this.devices[msg.target].label = msg.label;","  }","};","","/**"," * This stops the discovery process"," * The client will be no longer updating the state of lights or find lights"," */","Client.prototype.stopDiscovery = function() {","  clearInterval(this.discoveryTimer);","  this.discoveryTimer = null;","};","","/**"," * Send a LIFX message objects over the network"," * @param  {Object} msg A message object or multiple with data to send"," * @param  {Function} [callback] Function to handle error and success after send"," * @return {Number} The sequence number of the request"," */","Client.prototype.send = function(msg, callback) {","  var packet = {","    timeCreated: Date.now(),","    timeLastSent: 0,","    timesSent: 0,","    transactionType: constants.PACKET_TRANSACTION_TYPES.ONE_WAY","  };","","  // Add the target ip address if target given","  if (msg.address !== undefined) {","    packet.address = msg.address;","  }","  if (msg.target !== undefined) {","    var targetBulb = this.light(msg.target);","    if (targetBulb) {","      packet.address = targetBulb.address;","      // If we would exceed the max value for the int8 field start over again","      if (this.sequenceNumber >= constants.PACKET_HEADER_SEQUENCE_MAX) {","        this.sequenceNumber = 0;","      } else {","        this.sequenceNumber += 1;","      }","    }","  }","","  msg.sequence = this.sequenceNumber;","  packet.sequence = this.sequenceNumber;","  if (typeof callback === 'function') {","    msg.ackRequired = true;","    this.addMessageHandler('acknowledgement', callback, msg.sequence);","    packet.transactionType = constants.PACKET_TRANSACTION_TYPES.REQUEST_RESPONSE;","  }","  packet.data = Packet.toBuffer(msg);","  this.messagesQueue.unshift(packet);","  this.startSendingProcess();","","  return this.sequenceNumber;","};","","/**"," * Get network address data from connection"," * @return {Object} Network address data"," */","Client.prototype.address = function() {","  var address = null;","  try {","    address = this.socket.address();","  } catch (e) {}","  return address;","};","","/**"," * Sets debug on or off at runtime"," * @param  {boolean} debug debug messages on"," */","Client.prototype.setDebug = function(debug) {","  if (typeof debug !== 'boolean') {","    throw new TypeError('LIFX Client setDebug expects boolean as parameter');","  }","  this.debug = debug;","};","","/**"," * Adds a message handler that calls a function when the requested"," * info was received"," * @param {String} type A type of packet to listen for, like stateLight"," * @param {Function} callback the function to call if the packet was received,"," *                   this will be called with parameters msg and rinfo"," * @param {Number} [sequenceNumber] Expects a specific sequenceNumber on which will"," *                                  be called, this will call it only once. If not"," *                                  given the callback handler is permanent"," */","Client.prototype.addMessageHandler = function(type, callback, sequenceNumber) {","  if (typeof type !== 'string') {","    throw new TypeError('LIFX Client addMessageHandler expects type parameter to be string');","  }","  if (typeof callback !== 'function') {","    throw new TypeError('LIFX Client addMessageHandler expects callback parameter to be a function');","  }","","  var typeName = _.find(Packet.typeList, {name: type});","  if (typeName === undefined) {","    throw new RangeError('LIFX Client addMessageHandler unknown packet type: ' + type);","  }","","  var handler = {","    type: type,","    callback: callback.bind(this),","    timestamp: Date.now()","  };","","  if (sequenceNumber !== undefined) {","    if (typeof sequenceNumber !== 'number') {","      throw new TypeError('LIFX Client addMessageHandler expects sequenceNumber to be a integer');","    } else {","      handler.sequenceNumber = sequenceNumber;","    }","  }","","  this.messageHandlers.push(handler);","};","","/**"," * Returns the list of all known lights"," * @example client.lights()"," * @param {String} [status='on'] Status to filter for, empty string for all"," * @return {Array} Lights"," */","Client.prototype.lights = function(status) {","  if (status === undefined) {","    status = 'on';","  } else if (typeof status !== 'string') {","    throw new TypeError('LIFX Client lights expects status to be a string');","  }","","  if (status.length > 0) {","    if (status !== 'on' && status !== 'off') {","      throw new TypeError('Lifx Client lights expects status to be \\'on\\', \\'off\\' or \\'\\'');","    }","","    var result = [];","    _.forEach(this.devices, function(light) {","      if (light.status === status) {","        result.push(light);","      }","    });","    return result;","  }","","  return this.devices;","};","","/**"," * Find a light by label, id or ip"," * @param {String} identifier label, id or ip to search for"," * @return {Object|Boolean} the light object or false if not found"," */","Client.prototype.light = function(identifier) {","  var result;","  if (typeof identifier !== 'string') {","    throw new TypeError('LIFX Client light expects identifier for LIFX light to be a string');","  }","","  // There is no ip or id longer than 45 chars, no label longer than 32 bit","  if (identifier.length > 45 && Buffer.byteLength(identifier, 'utf8') > 32) {","    return false;","  }","","  // Dots or colons is high likely an ip","  if (identifier.indexOf('.') >= 0 || identifier.indexOf(':') >= 0) {","    result = _.find(this.devices, {address: identifier}) || false;","    if (result !== false) {","      return result;","    }","  }","","  // Search id","  result = _.find(this.devices, {id: identifier}) || false;","  if (result !== false) {","    return result;","  }","","  // Search label","  result = _.find(this.devices, {label: identifier}) || false;","","  return result;","};","","exports.Client = Client;",""],"l":{"3":1,"4":1,"5":1,"6":1,"7":1,"8":1,"9":1,"10":1,"16":1,"17":0,"19":0,"20":0,"21":0,"22":0,"23":0,"24":0,"25":0,"26":0,"27":0,"28":0,"38":0,"39":0,"40":0,"41":0,"42":0,"43":0,"44":0,"46":1,"66":1,"67":0,"81":0,"82":0,"84":0,"85":0,"86":0,"87":0,"90":0,"91":0,"93":0,"95":0,"96":0,"98":0,"100":0,"101":0,"103":0,"105":0,"106":0,"108":0,"110":0,"111":0,"113":0,"115":0,"116":0,"117":0,"118":0,"120":0,"122":0,"123":0,"125":0,"126":0,"127":0,"132":0,"133":0,"134":0,"135":0,"137":0,"140":0,"144":0,"145":0,"146":0,"147":0,"148":0,"149":0,"152":0,"154":0,"155":0,"159":0,"160":1,"164":0,"167":0,"168":0,"169":0,"170":0,"173":0,"174":0,"175":0,"178":0,"180":0,"184":0,"185":0,"186":0,"187":0,"188":0,"191":0,"192":0,"194":0,"195":0,"203":1,"204":0,"205":0,"206":0,"207":0,"215":1,"216":0,"217":0,"218":0,"219":0,"222":0,"223":0,"224":0,"225":0,"227":0,"228":0,"230":0,"231":1,"233":0,"234":0,"235":0,"236":0,"237":0,"238":0,"240":0,"241":1,"248":0,"250":0,"251":0,"252":0,"253":0,"254":0,"260":0,"267":1,"268":0,"269":0,"276":1,"277":0,"278":0,"279":0,"289":1,"290":0,"291":0,"293":0,"294":0,"295":0,"296":0,"297":0,"298":0,"299":0,"305":0,"308":0,"309":0,"310":0,"311":0,"315":0,"316":0,"318":0,"322":0,"327":0,"335":1,"337":0,"338":0,"341":0,"342":0,"343":0,"344":0,"346":0,"347":0,"348":0,"350":0,"355":0,"359":0,"365":0,"366":0,"367":0,"369":0,"370":0,"382":1,"383":0,"384":0,"386":0,"388":0,"389":0,"396":0,"399":0,"400":0,"401":0,"403":0,"404":0,"406":0,"407":0,"408":0,"409":0,"411":0,"412":0,"422":1,"423":0,"424":0,"426":0,"427":0,"435":1,"436":0,"437":0,"446":1,"447":0,"455":0,"456":0,"458":0,"459":0,"460":0,"461":0,"463":0,"464":0,"466":0,"471":0,"472":0,"473":0,"474":0,"475":0,"476":0,"478":0,"479":0,"480":0,"482":0,"489":1,"490":0,"491":0,"492":0,"494":0,"501":1,"502":0,"503":0,"505":0,"518":1,"519":0,"520":0,"522":0,"523":0,"526":0,"527":0,"528":0,"531":0,"537":0,"538":0,"539":0,"541":0,"545":0,"554":1,"555":0,"556":0,"557":0,"558":0,"561":0,"562":0,"563":0,"566":0,"567":0,"568":0,"569":0,"572":0,"575":0,"583":1,"584":0,"585":0,"586":0,"590":0,"591":0,"595":0,"596":0,"597":0,"598":0,"603":0,"604":0,"605":0,"609":0,"611":0,"614":1}},"/home/travis/build/npmtest/node-npmtest-node-lifx/node_modules/node-lifx/babelhook.js":{"path":"/home/travis/build/npmtest/node-npmtest-node-lifx/node_modules/node-lifx/babelhook.js","s":{"1":2},"b":{},"f":{},"fnMap":{},"statementMap":{"1":{"start":{"line":6,"column":0},"end":{"line":10,"column":3}}},"branchMap":{},"code":["// This file is required in mocha.opts","// The only purpose of this file is to ensure","// the babel transpiler is activated prior to any","// test code, and using the same babel options","","require('babel-core/register')({","  // Only compile test files","  only: /-test.js$/,","  presets: ['es2015']","});",""],"l":{"6":2}}}